Using pre-set license
Built from '2020.3/staging' branch; Version is '2020.3.5f1 (8095aa901b9b) revision 8426922'; Using compiler version '192528614'; Build Type 'Release'
OS: 'Windows 10 Home; OS build 19042.1237; Version 2009; 64bit' Language: 'en' Physical Memory: 16308 MB
BatchMode: 1, IsHumanControllingUs: 0, StartBugReporterOnCrash: 0, Is64bit: 1, IsPro: 0

 COMMAND LINE ARGUMENTS:
C:\Program Files\Unity\Hub\Editor\2020.3.5f1\Editor\Unity.exe
-adb2
-batchMode
-noUpm
-name
AssetImportWorker2
-projectPath
D:/Github/Rocket Jumper Platformer
-logFile
Logs/AssetImportWorker2.log
-srvPort
65365
Successfully changed project path to: D:/Github/Rocket Jumper Platformer
D:/Github/Rocket Jumper Platformer
Using Asset Import Pipeline V2.
Refreshing native plugins compatible for Editor in 45.77 ms, found 0 plugins.
Preloading 0 native plugins for Editor in 0.00 ms.
Initialize engine version: 2020.3.5f1 (8095aa901b9b)
[Subsystems] Discovering subsystems at path C:/Program Files/Unity/Hub/Editor/2020.3.5f1/Editor/Data/Resources/UnitySubsystems
[Subsystems] Discovering subsystems at path D:/Github/Rocket Jumper Platformer/Assets
GfxDevice: creating device client; threaded=0
Direct3D:
    Version:  Direct3D 11.0 [level 11.1]
    Renderer: NVIDIA GeForce GTX 1080 (ID=0x1b80)
    Vendor:   
    VRAM:     8079 MB
    Driver:   30.0.14.7196
Shader 'Universal Render Pipeline/Particles/Lit': fallback shader 'Universal Render Pipeline/Particles/SimpleLit' not found
Initialize mono
Mono path[0] = 'C:/Program Files/Unity/Hub/Editor/2020.3.5f1/Editor/Data/Managed'
Mono path[1] = 'C:/Program Files/Unity/Hub/Editor/2020.3.5f1/Editor/Data/MonoBleedingEdge/lib/mono/unityjit'
Mono config path = 'C:/Program Files/Unity/Hub/Editor/2020.3.5f1/Editor/Data/MonoBleedingEdge/etc'
Using monoOptions --debugger-agent=transport=dt_socket,embedding=1,server=y,suspend=n,address=127.0.0.1:56408
Begin MonoManager ReloadAssembly
Registering precompiled unity dll's ...
Register platform support module: C:/Program Files/Unity/Hub/Editor/2020.3.5f1/Editor/Data/PlaybackEngines/MacStandaloneSupport/UnityEditor.OSXStandalone.Extensions.dll
Register platform support module: C:/Program Files/Unity/Hub/Editor/2020.3.5f1/Editor/Data/PlaybackEngines/WindowsStandaloneSupport/UnityEditor.WindowsStandalone.Extensions.dll
Registered in 0.006713 seconds.
Native extension for WindowsStandalone target not found
Native extension for OSXStandalone target not found
Refreshing native plugins compatible for Editor in 40.18 ms, found 0 plugins.
Preloading 0 native plugins for Editor in 0.00 ms.
Mono: successfully reloaded assembly
- Completed reload, in  1.506 seconds
Platform modules already initialized, skipping
Registering precompiled user dll's ...
Registered in 0.001324 seconds.
Begin MonoManager ReloadAssembly
Native extension for WindowsStandalone target not found
Native extension for OSXStandalone target not found
Refreshing native plugins compatible for Editor in 40.93 ms, found 0 plugins.
Preloading 0 native plugins for Editor in 0.00 ms.
Mono: successfully reloaded assembly
- Completed reload, in  0.934 seconds
Platform modules already initialized, skipping
========================================================================
Worker process is ready to serve import requests
Shader 'Universal Render Pipeline/Particles/Lit': fallback shader 'Universal Render Pipeline/Particles/SimpleLit' not found
Launched and connected shader compiler UnityShaderCompiler.exe after 0.23 seconds
Refreshing native plugins compatible for Editor in 0.38 ms, found 0 plugins.
Preloading 0 native plugins for Editor in 0.00 ms.
Unloading 2455 Unused Serialized files (Serialized files now loaded: 0)
System memory in use before: 120.1 MB.
System memory in use after: 117.9 MB.

Unloading 40 unused Assets to reduce memory usage. Loaded Objects now: 2872.
Total: 3.964600 ms (FindLiveObjects: 0.305500 ms CreateObjectMapping: 0.173600 ms MarkObjects: 2.467900 ms  DeleteObjects: 1.016300 ms)

========================================================================
Received Import Request.
  path: Assets/1.RocketJumperFiles/Prefab/EnemiesController.prefab
  artifactKey: Guid(3ffd77476a90cb345b6f47e2b6cd14c5) Importer(815301076,1909f56bfc062723c751e8b465ee728b)
Start importing Assets/1.RocketJumperFiles/Prefab/EnemiesController.prefab using Guid(3ffd77476a90cb345b6f47e2b6cd14c5) Importer(815301076,1909f56bfc062723c751e8b465ee728b)  -> (artifact id: 'c41b685ddb8a2f3414df05b0a97379cf') in 0.613039 seconds
  Import took 0.641765 seconds .

========================================================================
Received Prepare
Registering precompiled user dll's ...
Registered in 0.001317 seconds.
Begin MonoManager ReloadAssembly
Native extension for WindowsStandalone target not found
Native extension for OSXStandalone target not found
Refreshing native plugins compatible for Editor in 0.40 ms, found 0 plugins.
Preloading 0 native plugins for Editor in 0.00 ms.
Mono: successfully reloaded assembly
- Completed reload, in  0.917 seconds
Platform modules already initialized, skipping
Shader 'Universal Render Pipeline/Particles/Lit': fallback shader 'Universal Render Pipeline/Particles/SimpleLit' not found
Refreshing native plugins compatible for Editor in 0.39 ms, found 0 plugins.
Preloading 0 native plugins for Editor in 0.00 ms.
Unloading 2363 Unused Serialized files (Serialized files now loaded: 0)
System memory in use before: 120.2 MB.
System memory in use after: 118.0 MB.

Unloading 37 unused Assets to reduce memory usage. Loaded Objects now: 2920.
Total: 3.462900 ms (FindLiveObjects: 0.296400 ms CreateObjectMapping: 0.119100 ms MarkObjects: 1.947500 ms  DeleteObjects: 1.098300 ms)

========================================================================
Received Prepare
Registering precompiled user dll's ...
Registered in 0.001311 seconds.
Begin MonoManager ReloadAssembly
Native extension for WindowsStandalone target not found
Native extension for OSXStandalone target not found
Refreshing native plugins compatible for Editor in 0.39 ms, found 0 plugins.
Preloading 0 native plugins for Editor in 0.00 ms.
Mono: successfully reloaded assembly
- Completed reload, in  0.883 seconds
Platform modules already initialized, skipping
Shader 'Universal Render Pipeline/Particles/Lit': fallback shader 'Universal Render Pipeline/Particles/SimpleLit' not found
Refreshing native plugins compatible for Editor in 0.46 ms, found 0 plugins.
Preloading 0 native plugins for Editor in 0.00 ms.
Unloading 2363 Unused Serialized files (Serialized files now loaded: 0)
System memory in use before: 120.3 MB.
System memory in use after: 118.0 MB.

Unloading 36 unused Assets to reduce memory usage. Loaded Objects now: 2923.
Total: 4.383500 ms (FindLiveObjects: 0.568600 ms CreateObjectMapping: 0.258200 ms MarkObjects: 2.298100 ms  DeleteObjects: 1.257500 ms)

========================================================================
Received Prepare
Registering precompiled user dll's ...
Registered in 0.001357 seconds.
Begin MonoManager ReloadAssembly
Native extension for WindowsStandalone target not found
Native extension for OSXStandalone target not found
Refreshing native plugins compatible for Editor in 0.44 ms, found 0 plugins.
Preloading 0 native plugins for Editor in 0.00 ms.
Mono: successfully reloaded assembly
- Completed reload, in  0.885 seconds
Platform modules already initialized, skipping
Shader 'Universal Render Pipeline/Particles/Lit': fallback shader 'Universal Render Pipeline/Particles/SimpleLit' not found
Refreshing native plugins compatible for Editor in 0.39 ms, found 0 plugins.
Preloading 0 native plugins for Editor in 0.00 ms.
Unloading 2363 Unused Serialized files (Serialized files now loaded: 0)
System memory in use before: 120.3 MB.
System memory in use after: 118.1 MB.

Unloading 36 unused Assets to reduce memory usage. Loaded Objects now: 2926.
Total: 3.501500 ms (FindLiveObjects: 0.274300 ms CreateObjectMapping: 0.111900 ms MarkObjects: 1.896200 ms  DeleteObjects: 1.217700 ms)

========================================================================
Received Prepare
Registering precompiled user dll's ...
Registered in 0.001401 seconds.
Begin MonoManager ReloadAssembly
Native extension for WindowsStandalone target not found
Native extension for OSXStandalone target not found
Refreshing native plugins compatible for Editor in 0.71 ms, found 0 plugins.
Preloading 0 native plugins for Editor in 0.00 ms.
Mono: successfully reloaded assembly
- Completed reload, in  0.878 seconds
Platform modules already initialized, skipping
Shader 'Universal Render Pipeline/Particles/Lit': fallback shader 'Universal Render Pipeline/Particles/SimpleLit' not found
Refreshing native plugins compatible for Editor in 0.41 ms, found 0 plugins.
Preloading 0 native plugins for Editor in 0.00 ms.
Unloading 2363 Unused Serialized files (Serialized files now loaded: 0)
System memory in use before: 120.3 MB.
System memory in use after: 118.1 MB.

Unloading 36 unused Assets to reduce memory usage. Loaded Objects now: 2929.
Total: 3.823100 ms (FindLiveObjects: 0.341100 ms CreateObjectMapping: 0.173200 ms MarkObjects: 2.041800 ms  DeleteObjects: 1.265100 ms)

========================================================================
Received Prepare
Registering precompiled user dll's ...
Registered in 0.001345 seconds.
Begin MonoManager ReloadAssembly
Native extension for WindowsStandalone target not found
Native extension for OSXStandalone target not found
Refreshing native plugins compatible for Editor in 0.46 ms, found 0 plugins.
Preloading 0 native plugins for Editor in 0.00 ms.
Mono: successfully reloaded assembly
- Completed reload, in  0.891 seconds
Platform modules already initialized, skipping
Shader 'Universal Render Pipeline/Particles/Lit': fallback shader 'Universal Render Pipeline/Particles/SimpleLit' not found
Refreshing native plugins compatible for Editor in 0.39 ms, found 0 plugins.
Preloading 0 native plugins for Editor in 0.00 ms.
Unloading 2363 Unused Serialized files (Serialized files now loaded: 0)
System memory in use before: 120.2 MB.
System memory in use after: 118.0 MB.

Unloading 36 unused Assets to reduce memory usage. Loaded Objects now: 2932.
Total: 4.158200 ms (FindLiveObjects: 0.274600 ms CreateObjectMapping: 0.107300 ms MarkObjects: 2.175600 ms  DeleteObjects: 1.599600 ms)

========================================================================
Received Prepare
Registering precompiled user dll's ...
Registered in 0.001331 seconds.
Begin MonoManager ReloadAssembly
Native extension for WindowsStandalone target not found
Native extension for OSXStandalone target not found
Refreshing native plugins compatible for Editor in 0.39 ms, found 0 plugins.
Preloading 0 native plugins for Editor in 0.00 ms.
Mono: successfully reloaded assembly
- Completed reload, in  0.870 seconds
Platform modules already initialized, skipping
Shader 'Universal Render Pipeline/Particles/Lit': fallback shader 'Universal Render Pipeline/Particles/SimpleLit' not found
Refreshing native plugins compatible for Editor in 0.39 ms, found 0 plugins.
Preloading 0 native plugins for Editor in 0.00 ms.
Unloading 2363 Unused Serialized files (Serialized files now loaded: 0)
System memory in use before: 120.3 MB.
System memory in use after: 118.1 MB.

Unloading 36 unused Assets to reduce memory usage. Loaded Objects now: 2935.
Total: 4.058900 ms (FindLiveObjects: 0.317100 ms CreateObjectMapping: 0.137100 ms MarkObjects: 2.312100 ms  DeleteObjects: 1.291000 ms)

========================================================================
Received Prepare
Registering precompiled user dll's ...
Registered in 0.001342 seconds.
Begin MonoManager ReloadAssembly
Native extension for WindowsStandalone target not found
Native extension for OSXStandalone target not found
Refreshing native plugins compatible for Editor in 0.39 ms, found 0 plugins.
Preloading 0 native plugins for Editor in 0.00 ms.
Mono: successfully reloaded assembly
- Completed reload, in  0.882 seconds
Platform modules already initialized, skipping
Shader 'Universal Render Pipeline/Particles/Lit': fallback shader 'Universal Render Pipeline/Particles/SimpleLit' not found
Refreshing native plugins compatible for Editor in 0.66 ms, found 0 plugins.
Preloading 0 native plugins for Editor in 0.00 ms.
Unloading 2363 Unused Serialized files (Serialized files now loaded: 0)
System memory in use before: 120.3 MB.
System memory in use after: 118.1 MB.

Unloading 36 unused Assets to reduce memory usage. Loaded Objects now: 2938.
Total: 4.004800 ms (FindLiveObjects: 0.431000 ms CreateObjectMapping: 0.150200 ms MarkObjects: 2.093900 ms  DeleteObjects: 1.328200 ms)

========================================================================
Received Prepare
Registering precompiled user dll's ...
Registered in 0.001374 seconds.
Begin MonoManager ReloadAssembly
Native extension for WindowsStandalone target not found
Native extension for OSXStandalone target not found
Refreshing native plugins compatible for Editor in 0.48 ms, found 0 plugins.
Preloading 0 native plugins for Editor in 0.00 ms.
Mono: successfully reloaded assembly
- Completed reload, in  0.869 seconds
Platform modules already initialized, skipping
Shader 'Universal Render Pipeline/Particles/Lit': fallback shader 'Universal Render Pipeline/Particles/SimpleLit' not found
Refreshing native plugins compatible for Editor in 0.40 ms, found 0 plugins.
Preloading 0 native plugins for Editor in 0.00 ms.
Unloading 2363 Unused Serialized files (Serialized files now loaded: 0)
System memory in use before: 120.3 MB.
System memory in use after: 118.1 MB.

Unloading 36 unused Assets to reduce memory usage. Loaded Objects now: 2941.
Total: 3.555800 ms (FindLiveObjects: 0.287000 ms CreateObjectMapping: 0.130500 ms MarkObjects: 1.801300 ms  DeleteObjects: 1.335300 ms)

========================================================================
Received Prepare
Registering precompiled user dll's ...
Registered in 0.001455 seconds.
Begin MonoManager ReloadAssembly
Native extension for WindowsStandalone target not found
Native extension for OSXStandalone target not found
Refreshing native plugins compatible for Editor in 0.40 ms, found 0 plugins.
Preloading 0 native plugins for Editor in 0.00 ms.
Mono: successfully reloaded assembly
- Completed reload, in  0.896 seconds
Platform modules already initialized, skipping
Shader 'Universal Render Pipeline/Particles/Lit': fallback shader 'Universal Render Pipeline/Particles/SimpleLit' not found
Refreshing native plugins compatible for Editor in 0.41 ms, found 0 plugins.
Preloading 0 native plugins for Editor in 0.00 ms.
Unloading 2363 Unused Serialized files (Serialized files now loaded: 0)
System memory in use before: 120.4 MB.
System memory in use after: 118.1 MB.

Unloading 36 unused Assets to reduce memory usage. Loaded Objects now: 2944.
Total: 3.474200 ms (FindLiveObjects: 0.267400 ms CreateObjectMapping: 0.127700 ms MarkObjects: 1.848100 ms  DeleteObjects: 1.229900 ms)

========================================================================
Received Prepare
Registering precompiled user dll's ...
Registered in 0.001356 seconds.
Begin MonoManager ReloadAssembly
Native extension for WindowsStandalone target not found
Native extension for OSXStandalone target not found
Refreshing native plugins compatible for Editor in 0.41 ms, found 0 plugins.
Preloading 0 native plugins for Editor in 0.00 ms.
Mono: successfully reloaded assembly
- Completed reload, in  0.941 seconds
Platform modules already initialized, skipping
Shader 'Universal Render Pipeline/Particles/Lit': fallback shader 'Universal Render Pipeline/Particles/SimpleLit' not found
Refreshing native plugins compatible for Editor in 0.39 ms, found 0 plugins.
Preloading 0 native plugins for Editor in 0.00 ms.
Unloading 2363 Unused Serialized files (Serialized files now loaded: 0)
System memory in use before: 120.3 MB.
System memory in use after: 118.0 MB.

Unloading 36 unused Assets to reduce memory usage. Loaded Objects now: 2947.
Total: 3.665900 ms (FindLiveObjects: 0.264100 ms CreateObjectMapping: 0.112000 ms MarkObjects: 2.001100 ms  DeleteObjects: 1.287600 ms)

========================================================================
Received Import Request.
  Time since last request: 566.139312 seconds.
  path: Assets/1.RocketJumperFiles/Prefab/EnemiesController.prefab
  artifactKey: Guid(3ffd77476a90cb345b6f47e2b6cd14c5) Importer(815301076,1909f56bfc062723c751e8b465ee728b)
Start importing Assets/1.RocketJumperFiles/Prefab/EnemiesController.prefab using Guid(3ffd77476a90cb345b6f47e2b6cd14c5) Importer(815301076,1909f56bfc062723c751e8b465ee728b)  -> (artifact id: '6f1243423046cd57cc76fda6ec06c99d') in 0.467813 seconds
  Import took 0.495161 seconds .

========================================================================
Received Import Request.
  Time since last request: 4.433319 seconds.
  path: Assets/1.RocketJumperFiles/Prefab/Enemy/EnergyBall.prefab
  artifactKey: Guid(9b6dacc8715c1a9459a580e54e3cdb38) Importer(815301076,1909f56bfc062723c751e8b465ee728b)
Start importing Assets/1.RocketJumperFiles/Prefab/Enemy/EnergyBall.prefab using Guid(9b6dacc8715c1a9459a580e54e3cdb38) Importer(815301076,1909f56bfc062723c751e8b465ee728b)  -> (artifact id: 'd057ef8bdb31c559114fd9a7d51e5f98') in 0.009019 seconds
  Import took 0.013036 seconds .

========================================================================
Received Import Request.
  Time since last request: 0.000208 seconds.
  path: Assets/1.RocketJumperFiles/Prefab/Enemy/Robot Enemy.prefab
  artifactKey: Guid(ea55c83555ac3c3479c10c9a925efb3b) Importer(815301076,1909f56bfc062723c751e8b465ee728b)
Start importing Assets/1.RocketJumperFiles/Prefab/Enemy/Robot Enemy.prefab using Guid(ea55c83555ac3c3479c10c9a925efb3b) Importer(815301076,1909f56bfc062723c751e8b465ee728b)  -> (artifact id: '61fed586953ab4c23ab6878d3064c01b') in 0.165289 seconds
  Import took 0.180542 seconds .

========================================================================
Received Import Request.
  Time since last request: 121.441426 seconds.
  path: Assets/1.RocketJumperFiles/Prefab/Enemy/EnergyBall.prefab
  artifactKey: Guid(9b6dacc8715c1a9459a580e54e3cdb38) Importer(815301076,1909f56bfc062723c751e8b465ee728b)
Start importing Assets/1.RocketJumperFiles/Prefab/Enemy/EnergyBall.prefab using Guid(9b6dacc8715c1a9459a580e54e3cdb38) Importer(815301076,1909f56bfc062723c751e8b465ee728b)  -> (artifact id: '8f872e28397c6d17adc00e3559c1ef12') in 0.011552 seconds
  Import took 0.015097 seconds .

========================================================================
Received Import Request.
  Time since last request: 0.000272 seconds.
  path: Assets/1.RocketJumperFiles/Prefab/Enemy/Robot Enemy.prefab
  artifactKey: Guid(ea55c83555ac3c3479c10c9a925efb3b) Importer(815301076,1909f56bfc062723c751e8b465ee728b)
Start importing Assets/1.RocketJumperFiles/Prefab/Enemy/Robot Enemy.prefab using Guid(ea55c83555ac3c3479c10c9a925efb3b) Importer(815301076,1909f56bfc062723c751e8b465ee728b)  -> (artifact id: '09be6d0d503ad768eae249280a3fc07d') in 0.200431 seconds
  Import took 0.215206 seconds .

========================================================================
Received Import Request.
  Time since last request: 29.512025 seconds.
  path: Assets/1.RocketJumperFiles/Prefab/Enemy/EnergyBall.prefab
  artifactKey: Guid(9b6dacc8715c1a9459a580e54e3cdb38) Importer(815301076,1909f56bfc062723c751e8b465ee728b)
Start importing Assets/1.RocketJumperFiles/Prefab/Enemy/EnergyBall.prefab using Guid(9b6dacc8715c1a9459a580e54e3cdb38) Importer(815301076,1909f56bfc062723c751e8b465ee728b)  -> (artifact id: 'acd641b30ee2914bb9e75d30d6066141') in 0.013419 seconds
  Import took 0.016958 seconds .

========================================================================
Received Import Request.
  Time since last request: 0.000272 seconds.
  path: Assets/1.RocketJumperFiles/Prefab/Enemy/Robot Enemy.prefab
  artifactKey: Guid(ea55c83555ac3c3479c10c9a925efb3b) Importer(815301076,1909f56bfc062723c751e8b465ee728b)
Start importing Assets/1.RocketJumperFiles/Prefab/Enemy/Robot Enemy.prefab using Guid(ea55c83555ac3c3479c10c9a925efb3b) Importer(815301076,1909f56bfc062723c751e8b465ee728b)  -> (artifact id: 'd2dbaf9808cfeacc4555cdcd0c12206c') in 0.168332 seconds
  Import took 0.182940 seconds .

========================================================================
Received Import Request.
  Time since last request: 5.341420 seconds.
  path: Assets/1.RocketJumperFiles/Prefab/Enemy/EnergyBall.prefab
  artifactKey: Guid(9b6dacc8715c1a9459a580e54e3cdb38) Importer(815301076,1909f56bfc062723c751e8b465ee728b)
Start importing Assets/1.RocketJumperFiles/Prefab/Enemy/EnergyBall.prefab using Guid(9b6dacc8715c1a9459a580e54e3cdb38) Importer(815301076,1909f56bfc062723c751e8b465ee728b)  -> (artifact id: 'e8f5bb321e54e44f0bb71c22acd70f89') in 0.012552 seconds
  Import took 0.016473 seconds .

========================================================================
Received Import Request.
  Time since last request: 0.000281 seconds.
  path: Assets/1.RocketJumperFiles/Prefab/Enemy/Robot Enemy.prefab
  artifactKey: Guid(ea55c83555ac3c3479c10c9a925efb3b) Importer(815301076,1909f56bfc062723c751e8b465ee728b)
Start importing Assets/1.RocketJumperFiles/Prefab/Enemy/Robot Enemy.prefab using Guid(ea55c83555ac3c3479c10c9a925efb3b) Importer(815301076,1909f56bfc062723c751e8b465ee728b)  -> (artifact id: 'e00d4557a40c7dfcdb241f74ae95ecfe') in 0.163283 seconds
  Import took 0.178454 seconds .

========================================================================
Received Import Request.
  Time since last request: 3.452509 seconds.
  path: Assets/1.RocketJumperFiles/Prefab/Enemy/EnergyBall.prefab
  artifactKey: Guid(9b6dacc8715c1a9459a580e54e3cdb38) Importer(815301076,1909f56bfc062723c751e8b465ee728b)
Start importing Assets/1.RocketJumperFiles/Prefab/Enemy/EnergyBall.prefab using Guid(9b6dacc8715c1a9459a580e54e3cdb38) Importer(815301076,1909f56bfc062723c751e8b465ee728b)  -> (artifact id: '14ea9d01df628a54e0f5bcaa1b761b61') in 0.038060 seconds
  Import took 0.042678 seconds .

========================================================================
Received Import Request.
  Time since last request: 0.000345 seconds.
  path: Assets/1.RocketJumperFiles/Prefab/Enemy/Robot Enemy.prefab
  artifactKey: Guid(ea55c83555ac3c3479c10c9a925efb3b) Importer(815301076,1909f56bfc062723c751e8b465ee728b)
Start importing Assets/1.RocketJumperFiles/Prefab/Enemy/Robot Enemy.prefab using Guid(ea55c83555ac3c3479c10c9a925efb3b) Importer(815301076,1909f56bfc062723c751e8b465ee728b)  -> (artifact id: 'eae245e0bcb154b6f74ea69d26270060') in 0.155766 seconds
  Import took 0.173638 seconds .

========================================================================
Received Prepare
Registering precompiled user dll's ...
Registered in 0.001336 seconds.
Begin MonoManager ReloadAssembly
Native extension for WindowsStandalone target not found
Native extension for OSXStandalone target not found
Refreshing native plugins compatible for Editor in 0.39 ms, found 0 plugins.
Preloading 0 native plugins for Editor in 0.00 ms.
Mono: successfully reloaded assembly
- Completed reload, in  0.888 seconds
Platform modules already initialized, skipping
Shader 'Universal Render Pipeline/Particles/Lit': fallback shader 'Universal Render Pipeline/Particles/SimpleLit' not found
Refreshing native plugins compatible for Editor in 0.44 ms, found 0 plugins.
Preloading 0 native plugins for Editor in 0.00 ms.
Unloading 2363 Unused Serialized files (Serialized files now loaded: 0)
System memory in use before: 120.5 MB.
System memory in use after: 118.3 MB.

Unloading 37 unused Assets to reduce memory usage. Loaded Objects now: 2986.
Total: 3.577600 ms (FindLiveObjects: 0.284300 ms CreateObjectMapping: 0.123800 ms MarkObjects: 1.867900 ms  DeleteObjects: 1.300500 ms)

========================================================================
Received Import Request.
  Time since last request: 33.188907 seconds.
  path: Assets/1.RocketJumperFiles/Prefab/Enemy/EnergyBall.prefab
  artifactKey: Guid(9b6dacc8715c1a9459a580e54e3cdb38) Importer(815301076,1909f56bfc062723c751e8b465ee728b)
Start importing Assets/1.RocketJumperFiles/Prefab/Enemy/EnergyBall.prefab using Guid(9b6dacc8715c1a9459a580e54e3cdb38) Importer(815301076,1909f56bfc062723c751e8b465ee728b)  -> (artifact id: 'f77e8e1a01011f226c560800383ed1fa') in 0.142145 seconds
  Import took 0.146046 seconds .

========================================================================
Received Import Request.
  Time since last request: 0.000267 seconds.
  path: Assets/1.RocketJumperFiles/Prefab/Enemy/Robot Enemy.prefab
  artifactKey: Guid(ea55c83555ac3c3479c10c9a925efb3b) Importer(815301076,1909f56bfc062723c751e8b465ee728b)
Start importing Assets/1.RocketJumperFiles/Prefab/Enemy/Robot Enemy.prefab using Guid(ea55c83555ac3c3479c10c9a925efb3b) Importer(815301076,1909f56bfc062723c751e8b465ee728b)  -> (artifact id: 'dff136df0500959a6e7e41cfd0667a0c') in 0.158619 seconds
  Import took 0.173203 seconds .

========================================================================
Received Import Request.
  Time since last request: 3.527559 seconds.
  path: Assets/1.RocketJumperFiles/Prefab/Enemy/EnergyBall.prefab
  artifactKey: Guid(9b6dacc8715c1a9459a580e54e3cdb38) Importer(815301076,1909f56bfc062723c751e8b465ee728b)
Start importing Assets/1.RocketJumperFiles/Prefab/Enemy/EnergyBall.prefab using Guid(9b6dacc8715c1a9459a580e54e3cdb38) Importer(815301076,1909f56bfc062723c751e8b465ee728b)  -> (artifact id: '66a3101a1d25917a025a9c2b691214c6') in 0.011246 seconds
  Import took 0.015093 seconds .

========================================================================
Received Import Request.
  Time since last request: 0.000290 seconds.
  path: Assets/1.RocketJumperFiles/Prefab/Enemy/Robot Enemy.prefab
  artifactKey: Guid(ea55c83555ac3c3479c10c9a925efb3b) Importer(815301076,1909f56bfc062723c751e8b465ee728b)
Start importing Assets/1.RocketJumperFiles/Prefab/Enemy/Robot Enemy.prefab using Guid(ea55c83555ac3c3479c10c9a925efb3b) Importer(815301076,1909f56bfc062723c751e8b465ee728b)  -> (artifact id: '9823529eb322699f262c36e85f1669d2') in 0.145805 seconds
  Import took 0.161930 seconds .

========================================================================
Received Prepare
Registering precompiled user dll's ...
Registered in 0.001347 seconds.
Begin MonoManager ReloadAssembly
Native extension for WindowsStandalone target not found
Native extension for OSXStandalone target not found
Refreshing native plugins compatible for Editor in 0.44 ms, found 0 plugins.
Preloading 0 native plugins for Editor in 0.00 ms.
Mono: successfully reloaded assembly
- Completed reload, in  0.900 seconds
Platform modules already initialized, skipping
Shader 'Universal Render Pipeline/Particles/Lit': fallback shader 'Universal Render Pipeline/Particles/SimpleLit' not found
Refreshing native plugins compatible for Editor in 0.44 ms, found 0 plugins.
Preloading 0 native plugins for Editor in 0.00 ms.
Unloading 2363 Unused Serialized files (Serialized files now loaded: 0)
System memory in use before: 120.6 MB.
System memory in use after: 118.4 MB.

Unloading 37 unused Assets to reduce memory usage. Loaded Objects now: 3025.
Total: 3.718000 ms (FindLiveObjects: 0.309600 ms CreateObjectMapping: 0.135000 ms MarkObjects: 1.912600 ms  DeleteObjects: 1.359600 ms)

========================================================================
Received Prepare
Registering precompiled user dll's ...
Registered in 0.002119 seconds.
Begin MonoManager ReloadAssembly
Native extension for WindowsStandalone target not found
Native extension for OSXStandalone target not found
Refreshing native plugins compatible for Editor in 0.46 ms, found 0 plugins.
Preloading 0 native plugins for Editor in 0.00 ms.
Mono: successfully reloaded assembly
- Completed reload, in  0.993 seconds
Platform modules already initialized, skipping
Shader 'Universal Render Pipeline/Particles/Lit': fallback shader 'Universal Render Pipeline/Particles/SimpleLit' not found
Refreshing native plugins compatible for Editor in 0.53 ms, found 0 plugins.
Preloading 0 native plugins for Editor in 0.00 ms.
Unloading 2363 Unused Serialized files (Serialized files now loaded: 0)
System memory in use before: 120.6 MB.
System memory in use after: 118.4 MB.

Unloading 36 unused Assets to reduce memory usage. Loaded Objects now: 3028.
Total: 4.115300 ms (FindLiveObjects: 0.297800 ms CreateObjectMapping: 0.132900 ms MarkObjects: 2.193300 ms  DeleteObjects: 1.489900 ms)

========================================================================
Received Import Request.
  Time since last request: 57.516857 seconds.
  path: Assets/1.RocketJumperFiles/Prefab/Enemy/EnergyBall.prefab
  artifactKey: Guid(9b6dacc8715c1a9459a580e54e3cdb38) Importer(815301076,1909f56bfc062723c751e8b465ee728b)
Start importing Assets/1.RocketJumperFiles/Prefab/Enemy/EnergyBall.prefab using Guid(9b6dacc8715c1a9459a580e54e3cdb38) Importer(815301076,1909f56bfc062723c751e8b465ee728b)  -> (artifact id: '57b1a3db7b7c88e52d98a60535c57d79') in 0.147665 seconds
  Import took 0.152084 seconds .

========================================================================
Received Import Request.
  Time since last request: 0.000275 seconds.
  path: Assets/1.RocketJumperFiles/Prefab/Enemy/Robot Enemy.prefab
  artifactKey: Guid(ea55c83555ac3c3479c10c9a925efb3b) Importer(815301076,1909f56bfc062723c751e8b465ee728b)
Start importing Assets/1.RocketJumperFiles/Prefab/Enemy/Robot Enemy.prefab using Guid(ea55c83555ac3c3479c10c9a925efb3b) Importer(815301076,1909f56bfc062723c751e8b465ee728b)  -> (artifact id: 'b0726491353bfc4535409dd3fd83b6d6') in 0.157949 seconds
  Import took 0.173764 seconds .

========================================================================
Received Prepare
Registering precompiled user dll's ...
Registered in 0.001598 seconds.
Begin MonoManager ReloadAssembly
Native extension for WindowsStandalone target not found
Native extension for OSXStandalone target not found
Refreshing native plugins compatible for Editor in 0.42 ms, found 0 plugins.
Preloading 0 native plugins for Editor in 0.00 ms.
Mono: successfully reloaded assembly
- Completed reload, in  0.941 seconds
Platform modules already initialized, skipping
Shader 'Universal Render Pipeline/Particles/Lit': fallback shader 'Universal Render Pipeline/Particles/SimpleLit' not found
Refreshing native plugins compatible for Editor in 0.52 ms, found 0 plugins.
Preloading 0 native plugins for Editor in 0.00 ms.
Unloading 2363 Unused Serialized files (Serialized files now loaded: 0)
System memory in use before: 120.8 MB.
System memory in use after: 118.6 MB.

Unloading 37 unused Assets to reduce memory usage. Loaded Objects now: 3067.
Total: 4.075900 ms (FindLiveObjects: 0.322500 ms CreateObjectMapping: 0.203800 ms MarkObjects: 2.302100 ms  DeleteObjects: 1.246200 ms)

========================================================================
Received Import Request.
  Time since last request: 6.739209 seconds.
  path: Assets/1.RocketJumperFiles/Prefab/Enemy/Robot Enemy.prefab
  artifactKey: Guid(ea55c83555ac3c3479c10c9a925efb3b) Importer(815301076,1909f56bfc062723c751e8b465ee728b)
Start importing Assets/1.RocketJumperFiles/Prefab/Enemy/Robot Enemy.prefab using Guid(ea55c83555ac3c3479c10c9a925efb3b) Importer(815301076,1909f56bfc062723c751e8b465ee728b)  -> (artifact id: '7bb997a78918b61bcbc56c3e1c13f3a8') in 0.325575 seconds
  Import took 0.340382 seconds .

========================================================================
Received Import Request.
  Time since last request: 0.000228 seconds.
  path: Assets/1.RocketJumperFiles/Prefab/Enemy/EnergyBall.prefab
  artifactKey: Guid(9b6dacc8715c1a9459a580e54e3cdb38) Importer(815301076,1909f56bfc062723c751e8b465ee728b)
Start importing Assets/1.RocketJumperFiles/Prefab/Enemy/EnergyBall.prefab using Guid(9b6dacc8715c1a9459a580e54e3cdb38) Importer(815301076,1909f56bfc062723c751e8b465ee728b)  -> (artifact id: '46374002d3e3e358090de583c9f44bca') in 0.008611 seconds
  Import took 0.012197 seconds .

========================================================================
Received Prepare
Registering precompiled user dll's ...
Registered in 0.001448 seconds.
Begin MonoManager ReloadAssembly
Native extension for WindowsStandalone target not found
Native extension for OSXStandalone target not found
Refreshing native plugins compatible for Editor in 0.47 ms, found 0 plugins.
Preloading 0 native plugins for Editor in 0.00 ms.
Mono: successfully reloaded assembly
- Completed reload, in  0.994 seconds
Platform modules already initialized, skipping
Shader 'Universal Render Pipeline/Particles/Lit': fallback shader 'Universal Render Pipeline/Particles/SimpleLit' not found
Refreshing native plugins compatible for Editor in 0.46 ms, found 0 plugins.
Preloading 0 native plugins for Editor in 0.00 ms.
Unloading 2363 Unused Serialized files (Serialized files now loaded: 0)
System memory in use before: 120.8 MB.
System memory in use after: 118.6 MB.

Unloading 37 unused Assets to reduce memory usage. Loaded Objects now: 3106.
Total: 4.486300 ms (FindLiveObjects: 0.396900 ms CreateObjectMapping: 0.235200 ms MarkObjects: 2.299700 ms  DeleteObjects: 1.552800 ms)

========================================================================
Received Import Request.
  Time since last request: 142.823939 seconds.
  path: Assets/1.RocketJumperFiles/Prefab/Enemy/EnergyBall.prefab
  artifactKey: Guid(9b6dacc8715c1a9459a580e54e3cdb38) Importer(815301076,1909f56bfc062723c751e8b465ee728b)
Start importing Assets/1.RocketJumperFiles/Prefab/Enemy/EnergyBall.prefab using Guid(9b6dacc8715c1a9459a580e54e3cdb38) Importer(815301076,1909f56bfc062723c751e8b465ee728b)  -> (artifact id: '0962210bdea246244ea9c18d250be18c') in 0.152092 seconds
  Import took 0.155969 seconds .

========================================================================
Received Import Request.
  Time since last request: 0.000266 seconds.
  path: Assets/1.RocketJumperFiles/Prefab/Enemy/Robot Enemy.prefab
  artifactKey: Guid(ea55c83555ac3c3479c10c9a925efb3b) Importer(815301076,1909f56bfc062723c751e8b465ee728b)
Start importing Assets/1.RocketJumperFiles/Prefab/Enemy/Robot Enemy.prefab using Guid(ea55c83555ac3c3479c10c9a925efb3b) Importer(815301076,1909f56bfc062723c751e8b465ee728b)  -> (artifact id: 'ddf8066514a0bf6d913bbc1865edbe77') in 0.156809 seconds
  Import took 0.171466 seconds .

========================================================================
Received Import Request.
  Time since last request: 563.771124 seconds.
  path: Assets/1.RocketJumperFiles/Art/Effects/Eneryball.png
  artifactKey: Guid(010a65ce520758548ba8b1256200d801) Importer(815301076,1909f56bfc062723c751e8b465ee728b)
Start importing Assets/1.RocketJumperFiles/Art/Effects/Eneryball.png using Guid(010a65ce520758548ba8b1256200d801) Importer(815301076,1909f56bfc062723c751e8b465ee728b)  -> (artifact id: 'c336ceeb84469b5456cad1f2c1aa942c') in 0.144285 seconds
  Import took 0.149121 seconds .

========================================================================
Received Import Request.
  Time since last request: 4.067638 seconds.
  path: Assets/1.RocketJumperFiles/Art/Effects/Eneryball.png
  artifactKey: Guid(010a65ce520758548ba8b1256200d801) Importer(815301076,1909f56bfc062723c751e8b465ee728b)
Start importing Assets/1.RocketJumperFiles/Art/Effects/Eneryball.png using Guid(010a65ce520758548ba8b1256200d801) Importer(815301076,1909f56bfc062723c751e8b465ee728b)  -> (artifact id: 'e31f7e92fd22b5b88e1c6a31828c37c7') in 0.030969 seconds
  Import took 0.034643 seconds .

========================================================================
Received Import Request.
  Time since last request: 28.032299 seconds.
  path: Assets/1.RocketJumperFiles/Art/Effects/Eneryball.png
  artifactKey: Guid(010a65ce520758548ba8b1256200d801) Importer(815301076,1909f56bfc062723c751e8b465ee728b)
Start importing Assets/1.RocketJumperFiles/Art/Effects/Eneryball.png using Guid(010a65ce520758548ba8b1256200d801) Importer(815301076,1909f56bfc062723c751e8b465ee728b)  -> (artifact id: 'b737d5bc0b175de0f94c587d9957d04b') in 0.038273 seconds
  Import took 0.042438 seconds .

========================================================================
Received Import Request.
  Time since last request: 3.886759 seconds.
  path: Assets/1.RocketJumperFiles/Art/Effects/Eneryball.png
  artifactKey: Guid(010a65ce520758548ba8b1256200d801) Importer(815301076,1909f56bfc062723c751e8b465ee728b)
Start importing Assets/1.RocketJumperFiles/Art/Effects/Eneryball.png using Guid(010a65ce520758548ba8b1256200d801) Importer(815301076,1909f56bfc062723c751e8b465ee728b)  -> (artifact id: 'f73d925dc76263f0349c631d385dcdc7') in 0.037786 seconds
  Import took 0.041758 seconds .

========================================================================
Received Import Request.
  Time since last request: 3.376003 seconds.
  path: Assets/1.RocketJumperFiles/Art/Effects/Eneryball.png
  artifactKey: Guid(010a65ce520758548ba8b1256200d801) Importer(815301076,1909f56bfc062723c751e8b465ee728b)
Start importing Assets/1.RocketJumperFiles/Art/Effects/Eneryball.png using Guid(010a65ce520758548ba8b1256200d801) Importer(815301076,1909f56bfc062723c751e8b465ee728b)  -> (artifact id: 'a0458721b92db20551dbc64ae8b3ac1e') in 0.038063 seconds
  Import took 0.041984 seconds .

========================================================================
Received Prepare
Registering precompiled user dll's ...
Registered in 0.001347 seconds.
Begin MonoManager ReloadAssembly
Native extension for WindowsStandalone target not found
Native extension for OSXStandalone target not found
Refreshing native plugins compatible for Editor in 0.55 ms, found 0 plugins.
Preloading 0 native plugins for Editor in 0.00 ms.
Mono: successfully reloaded assembly
- Completed reload, in  0.907 seconds
Platform modules already initialized, skipping
Shader 'Universal Render Pipeline/Particles/Lit': fallback shader 'Universal Render Pipeline/Particles/SimpleLit' not found
Refreshing native plugins compatible for Editor in 0.39 ms, found 0 plugins.
Preloading 0 native plugins for Editor in 0.00 ms.
Unloading 2363 Unused Serialized files (Serialized files now loaded: 0)
System memory in use before: 121.1 MB.
System memory in use after: 118.9 MB.

Unloading 37 unused Assets to reduce memory usage. Loaded Objects now: 3149.
Total: 3.452400 ms (FindLiveObjects: 0.315100 ms CreateObjectMapping: 0.125600 ms MarkObjects: 1.736900 ms  DeleteObjects: 1.273200 ms)

========================================================================
Received Import Request.
  Time since last request: 100.785297 seconds.
  path: Assets/1.RocketJumperFiles/Art/Effects/Energyball.png
  artifactKey: Guid(72c2edcc89e3c71438167850852ed740) Importer(815301076,1909f56bfc062723c751e8b465ee728b)
Start importing Assets/1.RocketJumperFiles/Art/Effects/Energyball.png using Guid(72c2edcc89e3c71438167850852ed740) Importer(815301076,1909f56bfc062723c751e8b465ee728b)  -> (artifact id: '7b34aad716efe393dad1acdaeb6ba070') in 0.032793 seconds
  Import took 0.037179 seconds .

========================================================================
Received Import Request.
  Time since last request: 10.646891 seconds.
  path: Assets/1.RocketJumperFiles/Art/Effects/Energyball.png
  artifactKey: Guid(72c2edcc89e3c71438167850852ed740) Importer(815301076,1909f56bfc062723c751e8b465ee728b)
Start importing Assets/1.RocketJumperFiles/Art/Effects/Energyball.png using Guid(72c2edcc89e3c71438167850852ed740) Importer(815301076,1909f56bfc062723c751e8b465ee728b)  -> (artifact id: '59333b50a4b512f6cae968476ae367a2') in 0.023000 seconds
  Import took 0.027102 seconds .

========================================================================
Received Import Request.
  Time since last request: 2.831887 seconds.
  path: Assets/1.RocketJumperFiles/Art/Effects/Energyball.png
  artifactKey: Guid(72c2edcc89e3c71438167850852ed740) Importer(815301076,1909f56bfc062723c751e8b465ee728b)
Start importing Assets/1.RocketJumperFiles/Art/Effects/Energyball.png using Guid(72c2edcc89e3c71438167850852ed740) Importer(815301076,1909f56bfc062723c751e8b465ee728b)  -> (artifact id: '6edf80e7370ea0153712bdd3b301478b') in 0.039345 seconds
  Import took 0.043146 seconds .

========================================================================
Received Prepare
Registering precompiled user dll's ...
Registered in 0.001527 seconds.
Begin MonoManager ReloadAssembly
Native extension for WindowsStandalone target not found
Native extension for OSXStandalone target not found
Refreshing native plugins compatible for Editor in 0.40 ms, found 0 plugins.
Preloading 0 native plugins for Editor in 0.00 ms.
Mono: successfully reloaded assembly
- Completed reload, in  0.894 seconds
Platform modules already initialized, skipping
Shader 'Universal Render Pipeline/Particles/Lit': fallback shader 'Universal Render Pipeline/Particles/SimpleLit' not found
Refreshing native plugins compatible for Editor in 0.40 ms, found 0 plugins.
Preloading 0 native plugins for Editor in 0.00 ms.
Unloading 2363 Unused Serialized files (Serialized files now loaded: 0)
System memory in use before: 121.1 MB.
System memory in use after: 118.9 MB.

Unloading 36 unused Assets to reduce memory usage. Loaded Objects now: 3153.
Total: 3.855800 ms (FindLiveObjects: 0.324800 ms CreateObjectMapping: 0.118500 ms MarkObjects: 2.172000 ms  DeleteObjects: 1.239500 ms)

========================================================================
Received Prepare
Registering precompiled user dll's ...
Registered in 0.001473 seconds.
Begin MonoManager ReloadAssembly
Native extension for WindowsStandalone target not found
Native extension for OSXStandalone target not found
Refreshing native plugins compatible for Editor in 0.42 ms, found 0 plugins.
Preloading 0 native plugins for Editor in 0.00 ms.
Mono: successfully reloaded assembly
- Completed reload, in  0.903 seconds
Platform modules already initialized, skipping
Shader 'Universal Render Pipeline/Particles/Lit': fallback shader 'Universal Render Pipeline/Particles/SimpleLit' not found
Refreshing native plugins compatible for Editor in 0.50 ms, found 0 plugins.
Preloading 0 native plugins for Editor in 0.00 ms.
Unloading 2363 Unused Serialized files (Serialized files now loaded: 0)
System memory in use before: 121.1 MB.
System memory in use after: 118.9 MB.

Unloading 36 unused Assets to reduce memory usage. Loaded Objects now: 3156.
Total: 4.182200 ms (FindLiveObjects: 0.506900 ms CreateObjectMapping: 0.148500 ms MarkObjects: 2.289400 ms  DeleteObjects: 1.235100 ms)

========================================================================
Received Import Request.
  Time since last request: 970.093460 seconds.
  path: Assets/1.RocketJumperFiles/Art/Effects/Boom.png
  artifactKey: Guid(a8050fdee89943749877835b1a324bba) Importer(815301076,1909f56bfc062723c751e8b465ee728b)
Start importing Assets/1.RocketJumperFiles/Art/Effects/Boom.png using Guid(a8050fdee89943749877835b1a324bba) Importer(815301076,1909f56bfc062723c751e8b465ee728b)  -> (artifact id: '02269b9c0015ee23ca9fddc1e584630a') in 0.076506 seconds
  Import took 0.082195 seconds .

========================================================================
Received Import Request.
  Time since last request: 29.606470 seconds.
  path: Assets/1.RocketJumperFiles/Prefab/EnemiesController.prefab
  artifactKey: Guid(3ffd77476a90cb345b6f47e2b6cd14c5) Importer(815301076,1909f56bfc062723c751e8b465ee728b)
Start importing Assets/1.RocketJumperFiles/Prefab/EnemiesController.prefab using Guid(3ffd77476a90cb345b6f47e2b6cd14c5) Importer(815301076,1909f56bfc062723c751e8b465ee728b)  -> (artifact id: '8d7a8d0a064fdae0eaf8ea059aae6db8') in 0.436959 seconds
  Import took 0.464764 seconds .

========================================================================
Received Import Request.
  Time since last request: 47.960403 seconds.
  path: Assets/1.RocketJumperFiles/Prefab/Rocket.prefab
  artifactKey: Guid(5e0a085b2d269fe418604c6feedaef28) Importer(815301076,1909f56bfc062723c751e8b465ee728b)
Start importing Assets/1.RocketJumperFiles/Prefab/Rocket.prefab using Guid(5e0a085b2d269fe418604c6feedaef28) Importer(815301076,1909f56bfc062723c751e8b465ee728b)  -> (artifact id: '9a5096ee37311b15b8b621b55d6042b3') in 0.087618 seconds
  Import took 0.091493 seconds .

========================================================================
Received Import Request.
  Time since last request: 41.275099 seconds.
  path: Assets/1.RocketJumperFiles/Materials/Effects/ComicExplosion.mat
  artifactKey: Guid(ea5c7cb4008fbae4fae9f8b7fb50f81a) Importer(815301076,1909f56bfc062723c751e8b465ee728b)
Start importing Assets/1.RocketJumperFiles/Materials/Effects/ComicExplosion.mat using Guid(ea5c7cb4008fbae4fae9f8b7fb50f81a) Importer(815301076,1909f56bfc062723c751e8b465ee728b)  -> (artifact id: '742158ecfd7f1879c06f07e4334a9d79') in 0.041451 seconds
  Import took 0.044975 seconds .

========================================================================
Received Import Request.
  Time since last request: 503.477879 seconds.
  path: Assets/1.RocketJumperFiles/Materials/Effects/ComicExplosion.mat
  artifactKey: Guid(ea5c7cb4008fbae4fae9f8b7fb50f81a) Importer(815301076,1909f56bfc062723c751e8b465ee728b)
Start importing Assets/1.RocketJumperFiles/Materials/Effects/ComicExplosion.mat using Guid(ea5c7cb4008fbae4fae9f8b7fb50f81a) Importer(815301076,1909f56bfc062723c751e8b465ee728b)  -> (artifact id: '5d2c0fd233b37064559af34672f98acb') in 0.037423 seconds
  Import took 0.043435 seconds .

========================================================================
Received Import Request.
  Time since last request: 0.000335 seconds.
  path: Assets/1.RocketJumperFiles/Materials/Effects/Kaboom.mat
  artifactKey: Guid(b8b4d1f2966168b4aa45568232708f87) Importer(815301076,1909f56bfc062723c751e8b465ee728b)
Start importing Assets/1.RocketJumperFiles/Materials/Effects/Kaboom.mat using Guid(b8b4d1f2966168b4aa45568232708f87) Importer(815301076,1909f56bfc062723c751e8b465ee728b)  -> (artifact id: '724c42604bfe77e7bea300e12ee93ff5') in 0.008639 seconds
  Import took 0.012427 seconds .

========================================================================
Received Import Request.
  Time since last request: 731.026817 seconds.
  path: Assets/1.RocketJumperFiles/Materials/Effects/ComicExplosion.mat
  artifactKey: Guid(ea5c7cb4008fbae4fae9f8b7fb50f81a) Importer(815301076,1909f56bfc062723c751e8b465ee728b)
Start importing Assets/1.RocketJumperFiles/Materials/Effects/ComicExplosion.mat using Guid(ea5c7cb4008fbae4fae9f8b7fb50f81a) Importer(815301076,1909f56bfc062723c751e8b465ee728b)  -> (artifact id: '2a71781470531d27262d5546f1abe89f') in 0.033448 seconds
  Import took 0.039334 seconds .

========================================================================
Received Import Request.
  Time since last request: 0.000264 seconds.
  path: Assets/1.RocketJumperFiles/Materials/Effects/Kaboom.mat
  artifactKey: Guid(b8b4d1f2966168b4aa45568232708f87) Importer(815301076,1909f56bfc062723c751e8b465ee728b)
Start importing Assets/1.RocketJumperFiles/Materials/Effects/Kaboom.mat using Guid(b8b4d1f2966168b4aa45568232708f87) Importer(815301076,1909f56bfc062723c751e8b465ee728b)  -> (artifact id: 'c272771d434c9ef24076f9a83c62b48d') in 0.009761 seconds
  Import took 0.013568 seconds .

========================================================================
Received Import Request.
  Time since last request: 0.000201 seconds.
  path: Assets/1.RocketJumperFiles/Materials/Effects/SmokeTrail.mat
  artifactKey: Guid(e8c6ff04e4682d6438554aab9cabd148) Importer(815301076,1909f56bfc062723c751e8b465ee728b)
Start importing Assets/1.RocketJumperFiles/Materials/Effects/SmokeTrail.mat using Guid(e8c6ff04e4682d6438554aab9cabd148) Importer(815301076,1909f56bfc062723c751e8b465ee728b)  -> (artifact id: '07d380faaa5b400ed47a7b2e9f1481bb') in 0.008177 seconds
  Import took 0.046679 seconds .

========================================================================
Received Import Request.
  Time since last request: 50.729954 seconds.
  path: Assets/1.RocketJumperFiles/Art/Effects/KABOOM.png
  artifactKey: Guid(fa4a64bf4dd1cb94799310086a585713) Importer(815301076,1909f56bfc062723c751e8b465ee728b)
Start importing Assets/1.RocketJumperFiles/Art/Effects/KABOOM.png using Guid(fa4a64bf4dd1cb94799310086a585713) Importer(815301076,1909f56bfc062723c751e8b465ee728b)  -> (artifact id: '4c064e1864d999bf3ec8556360182fb3') in 0.008978 seconds
  Import took 0.012353 seconds .

========================================================================
Received Import Request.
  Time since last request: 5.745653 seconds.
  path: Assets/1.RocketJumperFiles/Art/Effects/KABOOM.png
  artifactKey: Guid(fa4a64bf4dd1cb94799310086a585713) Importer(815301076,1909f56bfc062723c751e8b465ee728b)
Start importing Assets/1.RocketJumperFiles/Art/Effects/KABOOM.png using Guid(fa4a64bf4dd1cb94799310086a585713) Importer(815301076,1909f56bfc062723c751e8b465ee728b)  -> (artifact id: '32ba7d8dc6d1bd5ef9ed4521c72c9a5f') in 0.014601 seconds
  Import took 0.018036 seconds .

========================================================================
Received Import Request.
  Time since last request: 0.008369 seconds.
  path: Assets/1.RocketJumperFiles/Art/Effects/KABOOM.png
  artifactKey: Guid(fa4a64bf4dd1cb94799310086a585713) Importer(815301076,1909f56bfc062723c751e8b465ee728b)
Start importing Assets/1.RocketJumperFiles/Art/Effects/KABOOM.png using Guid(fa4a64bf4dd1cb94799310086a585713) Importer(815301076,1909f56bfc062723c751e8b465ee728b)  -> (artifact id: '32ba7d8dc6d1bd5ef9ed4521c72c9a5f') in 0.012937 seconds
  Import took 0.016766 seconds .

========================================================================
Received Prepare
Registering precompiled user dll's ...
Registered in 0.001362 seconds.
Begin MonoManager ReloadAssembly
Native extension for WindowsStandalone target not found
Native extension for OSXStandalone target not found
Refreshing native plugins compatible for Editor in 0.66 ms, found 0 plugins.
Preloading 0 native plugins for Editor in 0.00 ms.
Mono: successfully reloaded assembly
- Completed reload, in  0.927 seconds
Platform modules already initialized, skipping
Shader 'Universal Render Pipeline/Particles/Lit': fallback shader 'Universal Render Pipeline/Particles/SimpleLit' not found
Refreshing native plugins compatible for Editor in 0.48 ms, found 0 plugins.
Preloading 0 native plugins for Editor in 0.00 ms.
Unloading 2363 Unused Serialized files (Serialized files now loaded: 0)
System memory in use before: 121.5 MB.
System memory in use after: 119.3 MB.

Unloading 37 unused Assets to reduce memory usage. Loaded Objects now: 3230.
Total: 3.659600 ms (FindLiveObjects: 0.370300 ms CreateObjectMapping: 0.126100 ms MarkObjects: 1.916200 ms  DeleteObjects: 1.246000 ms)

========================================================================
Received Prepare
Registering precompiled user dll's ...
Registered in 0.001351 seconds.
Begin MonoManager ReloadAssembly
Native extension for WindowsStandalone target not found
Native extension for OSXStandalone target not found
Refreshing native plugins compatible for Editor in 0.41 ms, found 0 plugins.
Preloading 0 native plugins for Editor in 0.00 ms.
Mono: successfully reloaded assembly
- Completed reload, in  0.904 seconds
Platform modules already initialized, skipping
Shader 'Universal Render Pipeline/Particles/Lit': fallback shader 'Universal Render Pipeline/Particles/SimpleLit' not found
Refreshing native plugins compatible for Editor in 0.47 ms, found 0 plugins.
Preloading 0 native plugins for Editor in 0.00 ms.
Unloading 2363 Unused Serialized files (Serialized files now loaded: 0)
System memory in use before: 121.4 MB.
System memory in use after: 119.2 MB.

Unloading 36 unused Assets to reduce memory usage. Loaded Objects now: 3233.
Total: 3.902800 ms (FindLiveObjects: 0.317200 ms CreateObjectMapping: 0.136700 ms MarkObjects: 2.175600 ms  DeleteObjects: 1.272100 ms)

========================================================================
Received Prepare
Registering precompiled user dll's ...
Registered in 0.001324 seconds.
Begin MonoManager ReloadAssembly
Native extension for WindowsStandalone target not found
Native extension for OSXStandalone target not found
Refreshing native plugins compatible for Editor in 0.41 ms, found 0 plugins.
Preloading 0 native plugins for Editor in 0.00 ms.
Mono: successfully reloaded assembly
- Completed reload, in  0.888 seconds
Platform modules already initialized, skipping
Shader 'Universal Render Pipeline/Particles/Lit': fallback shader 'Universal Render Pipeline/Particles/SimpleLit' not found
Refreshing native plugins compatible for Editor in 0.51 ms, found 0 plugins.
Preloading 0 native plugins for Editor in 0.00 ms.
Unloading 2363 Unused Serialized files (Serialized files now loaded: 0)
System memory in use before: 121.6 MB.
System memory in use after: 119.3 MB.

Unloading 36 unused Assets to reduce memory usage. Loaded Objects now: 3236.
Total: 4.154100 ms (FindLiveObjects: 0.500400 ms CreateObjectMapping: 0.182400 ms MarkObjects: 2.192100 ms  DeleteObjects: 1.277700 ms)

========================================================================
Received Import Request.
  Time since last request: 254.363176 seconds.
  path: Assets/1.RocketJumperFiles/Materials/Effects/SmokeTrail.mat
  artifactKey: Guid(e8c6ff04e4682d6438554aab9cabd148) Importer(815301076,1909f56bfc062723c751e8b465ee728b)
Start importing Assets/1.RocketJumperFiles/Materials/Effects/SmokeTrail.mat using Guid(e8c6ff04e4682d6438554aab9cabd148) Importer(815301076,1909f56bfc062723c751e8b465ee728b)  -> (artifact id: 'a0eefa3c6c5997e9b7d9c522c50e95d8') in 0.152493 seconds
  Import took 0.156370 seconds .

========================================================================
Received Prepare
Registering precompiled user dll's ...
Registered in 0.001339 seconds.
Begin MonoManager ReloadAssembly
Native extension for WindowsStandalone target not found
Native extension for OSXStandalone target not found
Refreshing native plugins compatible for Editor in 0.45 ms, found 0 plugins.
Preloading 0 native plugins for Editor in 0.00 ms.
Mono: successfully reloaded assembly
- Completed reload, in  0.918 seconds
Platform modules already initialized, skipping
Shader 'Universal Render Pipeline/Particles/Lit': fallback shader 'Universal Render Pipeline/Particles/SimpleLit' not found
Refreshing native plugins compatible for Editor in 0.43 ms, found 0 plugins.
Preloading 0 native plugins for Editor in 0.00 ms.
Unloading 2397 Unused Serialized files (Serialized files now loaded: 0)
System memory in use before: 122.8 MB.
System memory in use after: 120.5 MB.

Unloading 36 unused Assets to reduce memory usage. Loaded Objects now: 3309.
Total: 3.959900 ms (FindLiveObjects: 0.310400 ms CreateObjectMapping: 0.125300 ms MarkObjects: 2.262400 ms  DeleteObjects: 1.260500 ms)

========================================================================
Received Import Request.
  Time since last request: 166.396109 seconds.
  path: Assets/1.RocketJumperFiles/Art/Effects/Smoke.png
  artifactKey: Guid(c5a74f77dcb95cb44bb72aaf2aa58e9e) Importer(815301076,1909f56bfc062723c751e8b465ee728b)
Start importing Assets/1.RocketJumperFiles/Art/Effects/Smoke.png using Guid(c5a74f77dcb95cb44bb72aaf2aa58e9e) Importer(815301076,1909f56bfc062723c751e8b465ee728b)  -> (artifact id: 'c556c05e1b1b29c69fb188a3c2a35b71') in 0.032970 seconds
  Import took 0.037631 seconds .

========================================================================
Received Import Request.
  Time since last request: 0.043608 seconds.
  path: Assets/1.RocketJumperFiles/Art/Effects/Smoke.png
  artifactKey: Guid(c5a74f77dcb95cb44bb72aaf2aa58e9e) Importer(815301076,1909f56bfc062723c751e8b465ee728b)
Start importing Assets/1.RocketJumperFiles/Art/Effects/Smoke.png using Guid(c5a74f77dcb95cb44bb72aaf2aa58e9e) Importer(815301076,1909f56bfc062723c751e8b465ee728b)  -> (artifact id: 'c556c05e1b1b29c69fb188a3c2a35b71') in 0.007683 seconds
  Import took 0.011778 seconds .

========================================================================
Received Import Request.
  Time since last request: 18.793404 seconds.
  path: Assets/1.RocketJumperFiles/Art/Effects/Smoke.png
  artifactKey: Guid(c5a74f77dcb95cb44bb72aaf2aa58e9e) Importer(815301076,1909f56bfc062723c751e8b465ee728b)
Start importing Assets/1.RocketJumperFiles/Art/Effects/Smoke.png using Guid(c5a74f77dcb95cb44bb72aaf2aa58e9e) Importer(815301076,1909f56bfc062723c751e8b465ee728b)  -> (artifact id: '0eae1914bb713b955e992ebf67afb0fd') in 0.028523 seconds
  Import took 0.032941 seconds .

========================================================================
Received Import Request.
  Time since last request: 0.016543 seconds.
  path: Assets/1.RocketJumperFiles/Art/Effects/Smoke.png
  artifactKey: Guid(c5a74f77dcb95cb44bb72aaf2aa58e9e) Importer(815301076,1909f56bfc062723c751e8b465ee728b)
Start importing Assets/1.RocketJumperFiles/Art/Effects/Smoke.png using Guid(c5a74f77dcb95cb44bb72aaf2aa58e9e) Importer(815301076,1909f56bfc062723c751e8b465ee728b)  -> (artifact id: '0eae1914bb713b955e992ebf67afb0fd') in 0.044399 seconds
  Import took 0.047900 seconds .

========================================================================
Received Prepare
Registering precompiled user dll's ...
Registered in 0.001340 seconds.
Begin MonoManager ReloadAssembly
Native extension for WindowsStandalone target not found
Native extension for OSXStandalone target not found
Refreshing native plugins compatible for Editor in 0.43 ms, found 0 plugins.
Preloading 0 native plugins for Editor in 0.00 ms.
Mono: successfully reloaded assembly
- Completed reload, in  0.975 seconds
Platform modules already initialized, skipping
Shader 'Universal Render Pipeline/Particles/Lit': fallback shader 'Universal Render Pipeline/Particles/SimpleLit' not found
Refreshing native plugins compatible for Editor in 0.54 ms, found 0 plugins.
Preloading 0 native plugins for Editor in 0.00 ms.
Unloading 2397 Unused Serialized files (Serialized files now loaded: 0)
System memory in use before: 122.7 MB.
System memory in use after: 120.5 MB.

Unloading 36 unused Assets to reduce memory usage. Loaded Objects now: 3314.
Total: 3.792900 ms (FindLiveObjects: 0.347500 ms CreateObjectMapping: 0.148700 ms MarkObjects: 2.030200 ms  DeleteObjects: 1.264800 ms)

========================================================================
Received Prepare
Registering precompiled user dll's ...
Registered in 0.001446 seconds.
Begin MonoManager ReloadAssembly
Native extension for WindowsStandalone target not found
Native extension for OSXStandalone target not found
Refreshing native plugins compatible for Editor in 0.41 ms, found 0 plugins.
Preloading 0 native plugins for Editor in 0.00 ms.
Mono: successfully reloaded assembly
- Completed reload, in  0.901 seconds
Platform modules already initialized, skipping
Shader 'Universal Render Pipeline/Particles/Lit': fallback shader 'Universal Render Pipeline/Particles/SimpleLit' not found
Refreshing native plugins compatible for Editor in 0.40 ms, found 0 plugins.
Preloading 0 native plugins for Editor in 0.00 ms.
Unloading 2397 Unused Serialized files (Serialized files now loaded: 0)
System memory in use before: 122.8 MB.
System memory in use after: 120.5 MB.

Unloading 36 unused Assets to reduce memory usage. Loaded Objects now: 3317.
Total: 3.619300 ms (FindLiveObjects: 0.316300 ms CreateObjectMapping: 0.125100 ms MarkObjects: 1.888500 ms  DeleteObjects: 1.288300 ms)

========================================================================
Received Prepare
Registering precompiled user dll's ...
Registered in 0.001335 seconds.
Begin MonoManager ReloadAssembly
Native extension for WindowsStandalone target not found
Native extension for OSXStandalone target not found
Refreshing native plugins compatible for Editor in 0.40 ms, found 0 plugins.
Preloading 0 native plugins for Editor in 0.00 ms.
Mono: successfully reloaded assembly
- Completed reload, in  0.863 seconds
Platform modules already initialized, skipping
Shader 'Universal Render Pipeline/Particles/Lit': fallback shader 'Universal Render Pipeline/Particles/SimpleLit' not found
Refreshing native plugins compatible for Editor in 0.43 ms, found 0 plugins.
Preloading 0 native plugins for Editor in 0.00 ms.
Unloading 2397 Unused Serialized files (Serialized files now loaded: 0)
System memory in use before: 122.7 MB.
System memory in use after: 120.4 MB.

Unloading 36 unused Assets to reduce memory usage. Loaded Objects now: 3320.
Total: 4.020400 ms (FindLiveObjects: 0.294800 ms CreateObjectMapping: 0.112300 ms MarkObjects: 2.314400 ms  DeleteObjects: 1.297800 ms)

========================================================================
Received Prepare
Registering precompiled user dll's ...
Registered in 0.001352 seconds.
Begin MonoManager ReloadAssembly
Native extension for WindowsStandalone target not found
Native extension for OSXStandalone target not found
Refreshing native plugins compatible for Editor in 0.44 ms, found 0 plugins.
Preloading 0 native plugins for Editor in 0.00 ms.
Mono: successfully reloaded assembly
- Completed reload, in  0.951 seconds
Platform modules already initialized, skipping
Shader 'Universal Render Pipeline/Particles/Lit': fallback shader 'Universal Render Pipeline/Particles/SimpleLit' not found
Refreshing native plugins compatible for Editor in 0.43 ms, found 0 plugins.
Preloading 0 native plugins for Editor in 0.00 ms.
Unloading 2397 Unused Serialized files (Serialized files now loaded: 0)
System memory in use before: 122.7 MB.
System memory in use after: 120.5 MB.

Unloading 36 unused Assets to reduce memory usage. Loaded Objects now: 3323.
Total: 4.287200 ms (FindLiveObjects: 0.418100 ms CreateObjectMapping: 0.187500 ms MarkObjects: 2.407800 ms  DeleteObjects: 1.271900 ms)

========================================================================
Received Import Request.
  Time since last request: 621.436005 seconds.
  path: Assets/1.RocketJumperFiles/Art/Effects/Smoke.png
  artifactKey: Guid(c5a74f77dcb95cb44bb72aaf2aa58e9e) Importer(815301076,1909f56bfc062723c751e8b465ee728b)
Start importing Assets/1.RocketJumperFiles/Art/Effects/Smoke.png using Guid(c5a74f77dcb95cb44bb72aaf2aa58e9e) Importer(815301076,1909f56bfc062723c751e8b465ee728b)  -> (artifact id: '42540b27c854e0a069ec4921d6b3e064') in 0.035609 seconds
  Import took 0.039936 seconds .

========================================================================
Received Import Request.
  Time since last request: 4.545593 seconds.
  path: Assets/1.RocketJumperFiles/Art/Effects/Smoke.png
  artifactKey: Guid(c5a74f77dcb95cb44bb72aaf2aa58e9e) Importer(815301076,1909f56bfc062723c751e8b465ee728b)
Start importing Assets/1.RocketJumperFiles/Art/Effects/Smoke.png using Guid(c5a74f77dcb95cb44bb72aaf2aa58e9e) Importer(815301076,1909f56bfc062723c751e8b465ee728b)  -> (artifact id: 'bdc74463eb1f8fb55d1da22c48c75407') in 0.032944 seconds
  Import took 0.036414 seconds .

========================================================================
Received Import Request.
  Time since last request: 0.004118 seconds.
  path: Assets/1.RocketJumperFiles/Art/Effects/Smoke.png
  artifactKey: Guid(c5a74f77dcb95cb44bb72aaf2aa58e9e) Importer(815301076,1909f56bfc062723c751e8b465ee728b)
Start importing Assets/1.RocketJumperFiles/Art/Effects/Smoke.png using Guid(c5a74f77dcb95cb44bb72aaf2aa58e9e) Importer(815301076,1909f56bfc062723c751e8b465ee728b)  -> (artifact id: 'bdc74463eb1f8fb55d1da22c48c75407') in 0.013187 seconds
  Import took 0.016480 seconds .

========================================================================
Received Import Request.
  Time since last request: 7.601814 seconds.
  path: Assets/1.RocketJumperFiles/Art/Effects/Smoke.png
  artifactKey: Guid(c5a74f77dcb95cb44bb72aaf2aa58e9e) Importer(815301076,1909f56bfc062723c751e8b465ee728b)
Start importing Assets/1.RocketJumperFiles/Art/Effects/Smoke.png using Guid(c5a74f77dcb95cb44bb72aaf2aa58e9e) Importer(815301076,1909f56bfc062723c751e8b465ee728b)  -> (artifact id: '95dc78f15a8c062517c9997857d60be9') in 0.064029 seconds
  Import took 0.067440 seconds .

========================================================================
Received Prepare
Registering precompiled user dll's ...
Registered in 0.001326 seconds.
Begin MonoManager ReloadAssembly
Native extension for WindowsStandalone target not found
Native extension for OSXStandalone target not found
Refreshing native plugins compatible for Editor in 0.40 ms, found 0 plugins.
Preloading 0 native plugins for Editor in 0.00 ms.
Mono: successfully reloaded assembly
- Completed reload, in  0.912 seconds
Platform modules already initialized, skipping
Shader 'Universal Render Pipeline/Particles/Lit': fallback shader 'Universal Render Pipeline/Particles/SimpleLit' not found
Refreshing native plugins compatible for Editor in 0.44 ms, found 0 plugins.
Preloading 0 native plugins for Editor in 0.00 ms.
Unloading 2397 Unused Serialized files (Serialized files now loaded: 0)
System memory in use before: 122.8 MB.
System memory in use after: 120.5 MB.

Unloading 36 unused Assets to reduce memory usage. Loaded Objects now: 3329.
Total: 4.171500 ms (FindLiveObjects: 0.322500 ms CreateObjectMapping: 0.130100 ms MarkObjects: 2.372200 ms  DeleteObjects: 1.345400 ms)

========================================================================
Received Prepare
Registering precompiled user dll's ...
Registered in 0.001313 seconds.
Begin MonoManager ReloadAssembly
Native extension for WindowsStandalone target not found
Native extension for OSXStandalone target not found
Refreshing native plugins compatible for Editor in 0.40 ms, found 0 plugins.
Preloading 0 native plugins for Editor in 0.00 ms.
Mono: successfully reloaded assembly
- Completed reload, in  0.925 seconds
Platform modules already initialized, skipping
Shader 'Universal Render Pipeline/Particles/Lit': fallback shader 'Universal Render Pipeline/Particles/SimpleLit' not found
Refreshing native plugins compatible for Editor in 0.40 ms, found 0 plugins.
Preloading 0 native plugins for Editor in 0.00 ms.
Unloading 2397 Unused Serialized files (Serialized files now loaded: 0)
System memory in use before: 122.8 MB.
System memory in use after: 120.6 MB.

Unloading 36 unused Assets to reduce memory usage. Loaded Objects now: 3332.
Total: 3.812100 ms (FindLiveObjects: 0.330700 ms CreateObjectMapping: 0.132500 ms MarkObjects: 2.095400 ms  DeleteObjects: 1.252200 ms)

========================================================================
Received Prepare
Registering precompiled user dll's ...
Registered in 0.001332 seconds.
Begin MonoManager ReloadAssembly
Native extension for WindowsStandalone target not found
Native extension for OSXStandalone target not found
Refreshing native plugins compatible for Editor in 0.39 ms, found 0 plugins.
Preloading 0 native plugins for Editor in 0.00 ms.
Mono: successfully reloaded assembly
- Completed reload, in  0.861 seconds
Platform modules already initialized, skipping
Shader 'Universal Render Pipeline/Particles/Lit': fallback shader 'Universal Render Pipeline/Particles/SimpleLit' not found
Refreshing native plugins compatible for Editor in 0.40 ms, found 0 plugins.
Preloading 0 native plugins for Editor in 0.00 ms.
Unloading 2397 Unused Serialized files (Serialized files now loaded: 0)
System memory in use before: 122.8 MB.
System memory in use after: 120.6 MB.

Unloading 36 unused Assets to reduce memory usage. Loaded Objects now: 3335.
Total: 4.505300 ms (FindLiveObjects: 0.340200 ms CreateObjectMapping: 0.126200 ms MarkObjects: 2.802600 ms  DeleteObjects: 1.235200 ms)

========================================================================
Received Prepare
Registering precompiled user dll's ...
Registered in 0.001339 seconds.
Begin MonoManager ReloadAssembly
Native extension for WindowsStandalone target not found
Native extension for OSXStandalone target not found
Refreshing native plugins compatible for Editor in 0.42 ms, found 0 plugins.
Preloading 0 native plugins for Editor in 0.00 ms.
Mono: successfully reloaded assembly
- Completed reload, in  0.878 seconds
Platform modules already initialized, skipping
Shader 'Universal Render Pipeline/Particles/Lit': fallback shader 'Universal Render Pipeline/Particles/SimpleLit' not found
Refreshing native plugins compatible for Editor in 0.44 ms, found 0 plugins.
Preloading 0 native plugins for Editor in 0.00 ms.
Unloading 2397 Unused Serialized files (Serialized files now loaded: 0)
System memory in use before: 122.7 MB.
System memory in use after: 120.5 MB.

Unloading 36 unused Assets to reduce memory usage. Loaded Objects now: 3338.
Total: 4.198300 ms (FindLiveObjects: 0.349200 ms CreateObjectMapping: 0.135000 ms MarkObjects: 2.449000 ms  DeleteObjects: 1.263600 ms)

========================================================================
Received Prepare
Registering precompiled user dll's ...
Registered in 0.001322 seconds.
Begin MonoManager ReloadAssembly
Native extension for WindowsStandalone target not found
Native extension for OSXStandalone target not found
Refreshing native plugins compatible for Editor in 0.41 ms, found 0 plugins.
Preloading 0 native plugins for Editor in 0.00 ms.
Mono: successfully reloaded assembly
- Completed reload, in  0.917 seconds
Platform modules already initialized, skipping
Shader 'Universal Render Pipeline/Particles/Lit': fallback shader 'Universal Render Pipeline/Particles/SimpleLit' not found
Refreshing native plugins compatible for Editor in 0.39 ms, found 0 plugins.
Preloading 0 native plugins for Editor in 0.00 ms.
Unloading 2397 Unused Serialized files (Serialized files now loaded: 0)
System memory in use before: 122.8 MB.
System memory in use after: 120.6 MB.

Unloading 36 unused Assets to reduce memory usage. Loaded Objects now: 3341.
Total: 4.096200 ms (FindLiveObjects: 0.319600 ms CreateObjectMapping: 0.118000 ms MarkObjects: 2.308900 ms  DeleteObjects: 1.348400 ms)

========================================================================
Received Prepare
Registering precompiled user dll's ...
Registered in 0.001363 seconds.
Begin MonoManager ReloadAssembly
Native extension for WindowsStandalone target not found
Native extension for OSXStandalone target not found
Refreshing native plugins compatible for Editor in 0.39 ms, found 0 plugins.
Preloading 0 native plugins for Editor in 0.00 ms.
Mono: successfully reloaded assembly
- Completed reload, in  0.885 seconds
Platform modules already initialized, skipping
Shader 'Universal Render Pipeline/Particles/Lit': fallback shader 'Universal Render Pipeline/Particles/SimpleLit' not found
Refreshing native plugins compatible for Editor in 0.61 ms, found 0 plugins.
Preloading 0 native plugins for Editor in 0.00 ms.
Unloading 2397 Unused Serialized files (Serialized files now loaded: 0)
System memory in use before: 122.8 MB.
System memory in use after: 120.6 MB.

Unloading 36 unused Assets to reduce memory usage. Loaded Objects now: 3344.
Total: 4.156400 ms (FindLiveObjects: 0.401300 ms CreateObjectMapping: 0.135600 ms MarkObjects: 2.339100 ms  DeleteObjects: 1.278800 ms)

========================================================================
Received Prepare
Registering precompiled user dll's ...
Registered in 0.001380 seconds.
Begin MonoManager ReloadAssembly
Native extension for WindowsStandalone target not found
Native extension for OSXStandalone target not found
Refreshing native plugins compatible for Editor in 0.43 ms, found 0 plugins.
Preloading 0 native plugins for Editor in 0.00 ms.
Mono: successfully reloaded assembly
- Completed reload, in  0.908 seconds
Platform modules already initialized, skipping
Shader 'Universal Render Pipeline/Particles/Lit': fallback shader 'Universal Render Pipeline/Particles/SimpleLit' not found
Refreshing native plugins compatible for Editor in 0.46 ms, found 0 plugins.
Preloading 0 native plugins for Editor in 0.00 ms.
Unloading 2397 Unused Serialized files (Serialized files now loaded: 0)
System memory in use before: 122.8 MB.
System memory in use after: 120.6 MB.

Unloading 36 unused Assets to reduce memory usage. Loaded Objects now: 3347.
Total: 4.086500 ms (FindLiveObjects: 0.358800 ms CreateObjectMapping: 0.133900 ms MarkObjects: 2.283200 ms  DeleteObjects: 1.309100 ms)

========================================================================
Received Prepare
Registering precompiled user dll's ...
Registered in 0.001351 seconds.
Begin MonoManager ReloadAssembly
Native extension for WindowsStandalone target not found
Native extension for OSXStandalone target not found
Refreshing native plugins compatible for Editor in 0.45 ms, found 0 plugins.
Preloading 0 native plugins for Editor in 0.00 ms.
Mono: successfully reloaded assembly
- Completed reload, in  0.902 seconds
Platform modules already initialized, skipping
Shader 'Universal Render Pipeline/Particles/Lit': fallback shader 'Universal Render Pipeline/Particles/SimpleLit' not found
Refreshing native plugins compatible for Editor in 0.39 ms, found 0 plugins.
Preloading 0 native plugins for Editor in 0.00 ms.
Unloading 2397 Unused Serialized files (Serialized files now loaded: 0)
System memory in use before: 122.8 MB.
System memory in use after: 120.6 MB.

Unloading 36 unused Assets to reduce memory usage. Loaded Objects now: 3350.
Total: 3.919900 ms (FindLiveObjects: 0.360700 ms CreateObjectMapping: 0.125200 ms MarkObjects: 2.070200 ms  DeleteObjects: 1.361900 ms)

========================================================================
Received Prepare
Registering precompiled user dll's ...
Registered in 0.001491 seconds.
Begin MonoManager ReloadAssembly
Native extension for WindowsStandalone target not found
Native extension for OSXStandalone target not found
Refreshing native plugins compatible for Editor in 0.59 ms, found 0 plugins.
Preloading 0 native plugins for Editor in 0.00 ms.
Mono: successfully reloaded assembly
- Completed reload, in  0.883 seconds
Platform modules already initialized, skipping
Shader 'Universal Render Pipeline/Particles/Lit': fallback shader 'Universal Render Pipeline/Particles/SimpleLit' not found
Refreshing native plugins compatible for Editor in 0.46 ms, found 0 plugins.
Preloading 0 native plugins for Editor in 0.00 ms.
Unloading 2397 Unused Serialized files (Serialized files now loaded: 0)
System memory in use before: 122.7 MB.
System memory in use after: 120.5 MB.

Unloading 36 unused Assets to reduce memory usage. Loaded Objects now: 3353.
Total: 4.046000 ms (FindLiveObjects: 0.362800 ms CreateObjectMapping: 0.124600 ms MarkObjects: 2.230900 ms  DeleteObjects: 1.326400 ms)

========================================================================
Received Prepare
Registering precompiled user dll's ...
Registered in 0.001324 seconds.
Begin MonoManager ReloadAssembly
Native extension for WindowsStandalone target not found
Native extension for OSXStandalone target not found
Refreshing native plugins compatible for Editor in 0.42 ms, found 0 plugins.
Preloading 0 native plugins for Editor in 0.00 ms.
Mono: successfully reloaded assembly
- Completed reload, in  0.897 seconds
Platform modules already initialized, skipping
Shader 'Universal Render Pipeline/Particles/Lit': fallback shader 'Universal Render Pipeline/Particles/SimpleLit' not found
Refreshing native plugins compatible for Editor in 0.42 ms, found 0 plugins.
Preloading 0 native plugins for Editor in 0.00 ms.
Unloading 2397 Unused Serialized files (Serialized files now loaded: 0)
System memory in use before: 122.8 MB.
System memory in use after: 120.6 MB.

Unloading 36 unused Assets to reduce memory usage. Loaded Objects now: 3356.
Total: 4.178200 ms (FindLiveObjects: 0.352600 ms CreateObjectMapping: 0.125600 ms MarkObjects: 2.303100 ms  DeleteObjects: 1.395500 ms)

========================================================================
Received Prepare
Registering precompiled user dll's ...
Registered in 0.001308 seconds.
Begin MonoManager ReloadAssembly
Native extension for WindowsStandalone target not found
Native extension for OSXStandalone target not found
Refreshing native plugins compatible for Editor in 0.45 ms, found 0 plugins.
Preloading 0 native plugins for Editor in 0.00 ms.
Mono: successfully reloaded assembly
- Completed reload, in  0.973 seconds
Platform modules already initialized, skipping
Shader 'Universal Render Pipeline/Particles/Lit': fallback shader 'Universal Render Pipeline/Particles/SimpleLit' not found
Refreshing native plugins compatible for Editor in 0.79 ms, found 0 plugins.
Preloading 0 native plugins for Editor in 0.00 ms.
Unloading 2397 Unused Serialized files (Serialized files now loaded: 0)
System memory in use before: 122.8 MB.
System memory in use after: 120.6 MB.

Unloading 36 unused Assets to reduce memory usage. Loaded Objects now: 3359.
Total: 5.000700 ms (FindLiveObjects: 0.516700 ms CreateObjectMapping: 0.185000 ms MarkObjects: 2.811500 ms  DeleteObjects: 1.485400 ms)

========================================================================
Received Prepare
Registering precompiled user dll's ...
Registered in 0.001455 seconds.
Begin MonoManager ReloadAssembly
Native extension for WindowsStandalone target not found
Native extension for OSXStandalone target not found
Refreshing native plugins compatible for Editor in 0.41 ms, found 0 plugins.
Preloading 0 native plugins for Editor in 0.00 ms.
Mono: successfully reloaded assembly
- Completed reload, in  0.905 seconds
Platform modules already initialized, skipping
Shader 'Universal Render Pipeline/Particles/Lit': fallback shader 'Universal Render Pipeline/Particles/SimpleLit' not found
Refreshing native plugins compatible for Editor in 0.40 ms, found 0 plugins.
Preloading 0 native plugins for Editor in 0.00 ms.
Unloading 2397 Unused Serialized files (Serialized files now loaded: 0)
System memory in use before: 122.9 MB.
System memory in use after: 120.6 MB.

Unloading 36 unused Assets to reduce memory usage. Loaded Objects now: 3362.
Total: 3.909600 ms (FindLiveObjects: 0.339700 ms CreateObjectMapping: 0.133800 ms MarkObjects: 2.126200 ms  DeleteObjects: 1.308200 ms)

========================================================================
Received Prepare
Registering precompiled user dll's ...
Registered in 0.001653 seconds.
Begin MonoManager ReloadAssembly
Native extension for WindowsStandalone target not found
Native extension for OSXStandalone target not found
Refreshing native plugins compatible for Editor in 0.39 ms, found 0 plugins.
Preloading 0 native plugins for Editor in 0.00 ms.
Mono: successfully reloaded assembly
- Completed reload, in  0.889 seconds
Platform modules already initialized, skipping
Shader 'Universal Render Pipeline/Particles/Lit': fallback shader 'Universal Render Pipeline/Particles/SimpleLit' not found
Refreshing native plugins compatible for Editor in 0.39 ms, found 0 plugins.
Preloading 0 native plugins for Editor in 0.00 ms.
Unloading 2397 Unused Serialized files (Serialized files now loaded: 0)
System memory in use before: 122.9 MB.
System memory in use after: 120.6 MB.

Unloading 36 unused Assets to reduce memory usage. Loaded Objects now: 3365.
Total: 3.931900 ms (FindLiveObjects: 0.346500 ms CreateObjectMapping: 0.116700 ms MarkObjects: 2.126100 ms  DeleteObjects: 1.341400 ms)

========================================================================
Received Prepare
Registering precompiled user dll's ...
Registered in 0.001336 seconds.
Begin MonoManager ReloadAssembly
Native extension for WindowsStandalone target not found
Native extension for OSXStandalone target not found
Refreshing native plugins compatible for Editor in 0.49 ms, found 0 plugins.
Preloading 0 native plugins for Editor in 0.00 ms.
Mono: successfully reloaded assembly
- Completed reload, in  0.916 seconds
Platform modules already initialized, skipping
Shader 'Universal Render Pipeline/Particles/Lit': fallback shader 'Universal Render Pipeline/Particles/SimpleLit' not found
Refreshing native plugins compatible for Editor in 0.41 ms, found 0 plugins.
Preloading 0 native plugins for Editor in 0.00 ms.
Unloading 2397 Unused Serialized files (Serialized files now loaded: 0)
System memory in use before: 122.7 MB.
System memory in use after: 120.5 MB.

Unloading 36 unused Assets to reduce memory usage. Loaded Objects now: 3368.
Total: 3.723700 ms (FindLiveObjects: 0.333600 ms CreateObjectMapping: 0.129600 ms MarkObjects: 2.022400 ms  DeleteObjects: 1.236600 ms)

========================================================================
Received Import Request.
  Time since last request: 727.862897 seconds.
  path: Assets/1.RocketJumperFiles/Art/Bg
  artifactKey: Guid(c0439867196fa154f8aff56b2ac2f43b) Importer(815301076,1909f56bfc062723c751e8b465ee728b)
Start importing Assets/1.RocketJumperFiles/Art/Bg using Guid(c0439867196fa154f8aff56b2ac2f43b) Importer(815301076,1909f56bfc062723c751e8b465ee728b)  -> (artifact id: 'c74a66744ffc8877e556bba1cf38b52b') in 0.006629 seconds
  Import took 0.011034 seconds .

========================================================================
Received Import Request.
  Time since last request: 8.089777 seconds.
  path: Assets/1.RocketJumperFiles/Art/Background
  artifactKey: Guid(c0439867196fa154f8aff56b2ac2f43b) Importer(815301076,1909f56bfc062723c751e8b465ee728b)
Start importing Assets/1.RocketJumperFiles/Art/Background using Guid(c0439867196fa154f8aff56b2ac2f43b) Importer(815301076,1909f56bfc062723c751e8b465ee728b)  -> (artifact id: '1e9d3386728ef79e61fd5661cacb1708') in 0.002763 seconds
  Import took 0.006433 seconds .

========================================================================
Received Import Request.
  Time since last request: 80.412575 seconds.
  path: Assets/1.RocketJumperFiles/Sounds/Laser Loop.wav
  artifactKey: Guid(10ffeb0dfcfe2224a963add3b7764bf1) Importer(815301076,1909f56bfc062723c751e8b465ee728b)
Start importing Assets/1.RocketJumperFiles/Sounds/Laser Loop.wav using Guid(10ffeb0dfcfe2224a963add3b7764bf1) Importer(815301076,1909f56bfc062723c751e8b465ee728b)  -> (artifact id: '55d529796a2030b36b8ce014dc514c8b') in 0.107514 seconds
  Import took 0.111366 seconds .

========================================================================
Received Import Request.
  Time since last request: 6.706119 seconds.
  path: Assets/1.RocketJumperFiles/Prefab/Rocket.prefab
  artifactKey: Guid(5e0a085b2d269fe418604c6feedaef28) Importer(815301076,1909f56bfc062723c751e8b465ee728b)
Start importing Assets/1.RocketJumperFiles/Prefab/Rocket.prefab using Guid(5e0a085b2d269fe418604c6feedaef28) Importer(815301076,1909f56bfc062723c751e8b465ee728b)  -> (artifact id: '014d276637806e6993e45bfdda7558d8') in 0.162832 seconds
  Import took 0.169277 seconds .

========================================================================
Received Import Request.
  Time since last request: 1.298670 seconds.
  path: Assets/1.RocketJumperFiles/Prefab/Environment/Wall.prefab
  artifactKey: Guid(2816b28342bd7d047825e8aa246ae964) Importer(815301076,1909f56bfc062723c751e8b465ee728b)
Start importing Assets/1.RocketJumperFiles/Prefab/Environment/Wall.prefab using Guid(2816b28342bd7d047825e8aa246ae964) Importer(815301076,1909f56bfc062723c751e8b465ee728b)  -> (artifact id: 'ef9d029481ced89e57c1a037d777b6ad') in 0.276290 seconds
  Import took 0.279902 seconds .

========================================================================
Received Prepare
Registering precompiled user dll's ...
Registered in 0.001414 seconds.
Begin MonoManager ReloadAssembly
Native extension for WindowsStandalone target not found
Native extension for OSXStandalone target not found
Refreshing native plugins compatible for Editor in 0.42 ms, found 0 plugins.
Preloading 0 native plugins for Editor in 0.00 ms.
Mono: successfully reloaded assembly
- Completed reload, in  0.885 seconds
Platform modules already initialized, skipping
Shader 'Universal Render Pipeline/Particles/Lit': fallback shader 'Universal Render Pipeline/Particles/SimpleLit' not found
Refreshing native plugins compatible for Editor in 0.47 ms, found 0 plugins.
Preloading 0 native plugins for Editor in 0.00 ms.
Unloading 2397 Unused Serialized files (Serialized files now loaded: 0)
System memory in use before: 123.0 MB.
System memory in use after: 120.8 MB.

Unloading 36 unused Assets to reduce memory usage. Loaded Objects now: 3410.
Total: 4.686900 ms (FindLiveObjects: 0.412900 ms CreateObjectMapping: 0.150900 ms MarkObjects: 2.765300 ms  DeleteObjects: 1.356200 ms)

========================================================================
Received Prepare
Registering precompiled user dll's ...
Registered in 0.001427 seconds.
Begin MonoManager ReloadAssembly
Native extension for WindowsStandalone target not found
Native extension for OSXStandalone target not found
Refreshing native plugins compatible for Editor in 0.41 ms, found 0 plugins.
Preloading 0 native plugins for Editor in 0.00 ms.
Mono: successfully reloaded assembly
- Completed reload, in  0.882 seconds
Platform modules already initialized, skipping
Shader 'Universal Render Pipeline/Particles/Lit': fallback shader 'Universal Render Pipeline/Particles/SimpleLit' not found
Refreshing native plugins compatible for Editor in 0.40 ms, found 0 plugins.
Preloading 0 native plugins for Editor in 0.00 ms.
Unloading 2397 Unused Serialized files (Serialized files now loaded: 0)
System memory in use before: 123.0 MB.
System memory in use after: 120.8 MB.

Unloading 36 unused Assets to reduce memory usage. Loaded Objects now: 3413.
Total: 4.310700 ms (FindLiveObjects: 0.584600 ms CreateObjectMapping: 0.215700 ms MarkObjects: 2.254100 ms  DeleteObjects: 1.254800 ms)

========================================================================
Received Prepare
Registering precompiled user dll's ...
Registered in 0.001339 seconds.
Begin MonoManager ReloadAssembly
Native extension for WindowsStandalone target not found
Native extension for OSXStandalone target not found
Refreshing native plugins compatible for Editor in 0.43 ms, found 0 plugins.
Preloading 0 native plugins for Editor in 0.00 ms.
Mono: successfully reloaded assembly
- Completed reload, in  0.902 seconds
Platform modules already initialized, skipping
Shader 'Universal Render Pipeline/Particles/Lit': fallback shader 'Universal Render Pipeline/Particles/SimpleLit' not found
Refreshing native plugins compatible for Editor in 0.45 ms, found 0 plugins.
Preloading 0 native plugins for Editor in 0.00 ms.
Unloading 2397 Unused Serialized files (Serialized files now loaded: 0)
System memory in use before: 123.1 MB.
System memory in use after: 120.8 MB.

Unloading 36 unused Assets to reduce memory usage. Loaded Objects now: 3416.
Total: 4.897600 ms (FindLiveObjects: 0.524900 ms CreateObjectMapping: 0.200600 ms MarkObjects: 2.303000 ms  DeleteObjects: 1.867300 ms)

========================================================================
Received Prepare
Registering precompiled user dll's ...
Registered in 0.001459 seconds.
Begin MonoManager ReloadAssembly
Native extension for WindowsStandalone target not found
Native extension for OSXStandalone target not found
Refreshing native plugins compatible for Editor in 0.41 ms, found 0 plugins.
Preloading 0 native plugins for Editor in 0.00 ms.
Mono: successfully reloaded assembly
- Completed reload, in  0.892 seconds
Platform modules already initialized, skipping
Shader 'Universal Render Pipeline/Particles/Lit': fallback shader 'Universal Render Pipeline/Particles/SimpleLit' not found
Refreshing native plugins compatible for Editor in 0.59 ms, found 0 plugins.
Preloading 0 native plugins for Editor in 0.00 ms.
Unloading 2397 Unused Serialized files (Serialized files now loaded: 0)
System memory in use before: 123.0 MB.
System memory in use after: 120.8 MB.

Unloading 36 unused Assets to reduce memory usage. Loaded Objects now: 3419.
Total: 4.101700 ms (FindLiveObjects: 0.340800 ms CreateObjectMapping: 0.143200 ms MarkObjects: 2.242400 ms  DeleteObjects: 1.374200 ms)

========================================================================
Received Prepare
Registering precompiled user dll's ...
Registered in 0.001312 seconds.
Begin MonoManager ReloadAssembly
Native extension for WindowsStandalone target not found
Native extension for OSXStandalone target not found
Refreshing native plugins compatible for Editor in 0.39 ms, found 0 plugins.
Preloading 0 native plugins for Editor in 0.00 ms.
Mono: successfully reloaded assembly
- Completed reload, in  0.894 seconds
Platform modules already initialized, skipping
Shader 'Universal Render Pipeline/Particles/Lit': fallback shader 'Universal Render Pipeline/Particles/SimpleLit' not found
Refreshing native plugins compatible for Editor in 0.47 ms, found 0 plugins.
Preloading 0 native plugins for Editor in 0.00 ms.
Unloading 2397 Unused Serialized files (Serialized files now loaded: 0)
System memory in use before: 122.9 MB.
System memory in use after: 120.7 MB.

Unloading 36 unused Assets to reduce memory usage. Loaded Objects now: 3422.
Total: 4.146000 ms (FindLiveObjects: 0.394700 ms CreateObjectMapping: 0.130900 ms MarkObjects: 2.256900 ms  DeleteObjects: 1.361900 ms)

========================================================================
Received Prepare
Registering precompiled user dll's ...
Registered in 0.001607 seconds.
Begin MonoManager ReloadAssembly
Native extension for WindowsStandalone target not found
Native extension for OSXStandalone target not found
Refreshing native plugins compatible for Editor in 0.50 ms, found 0 plugins.
Preloading 0 native plugins for Editor in 0.00 ms.
Mono: successfully reloaded assembly
- Completed reload, in  0.909 seconds
Platform modules already initialized, skipping
Shader 'Universal Render Pipeline/Particles/Lit': fallback shader 'Universal Render Pipeline/Particles/SimpleLit' not found
Refreshing native plugins compatible for Editor in 0.63 ms, found 0 plugins.
Preloading 0 native plugins for Editor in 0.00 ms.
Unloading 2397 Unused Serialized files (Serialized files now loaded: 0)
System memory in use before: 123.1 MB.
System memory in use after: 120.8 MB.

Unloading 36 unused Assets to reduce memory usage. Loaded Objects now: 3425.
Total: 4.461900 ms (FindLiveObjects: 0.452400 ms CreateObjectMapping: 0.146300 ms MarkObjects: 2.411900 ms  DeleteObjects: 1.449500 ms)

========================================================================
Received Prepare
Registering precompiled user dll's ...
Registered in 0.001296 seconds.
Begin MonoManager ReloadAssembly
Native extension for WindowsStandalone target not found
Native extension for OSXStandalone target not found
Refreshing native plugins compatible for Editor in 0.69 ms, found 0 plugins.
Preloading 0 native plugins for Editor in 0.00 ms.
Mono: successfully reloaded assembly
- Completed reload, in  0.909 seconds
Platform modules already initialized, skipping
Shader 'Universal Render Pipeline/Particles/Lit': fallback shader 'Universal Render Pipeline/Particles/SimpleLit' not found
Refreshing native plugins compatible for Editor in 0.39 ms, found 0 plugins.
Preloading 0 native plugins for Editor in 0.00 ms.
Unloading 2397 Unused Serialized files (Serialized files now loaded: 0)
System memory in use before: 123.0 MB.
System memory in use after: 120.8 MB.

Unloading 36 unused Assets to reduce memory usage. Loaded Objects now: 3428.
Total: 4.482600 ms (FindLiveObjects: 0.547000 ms CreateObjectMapping: 0.216000 ms MarkObjects: 2.304600 ms  DeleteObjects: 1.413400 ms)

========================================================================
Received Prepare
Registering precompiled user dll's ...
Registered in 0.001769 seconds.
Begin MonoManager ReloadAssembly
Native extension for WindowsStandalone target not found
Native extension for OSXStandalone target not found
Refreshing native plugins compatible for Editor in 0.40 ms, found 0 plugins.
Preloading 0 native plugins for Editor in 0.00 ms.
Mono: successfully reloaded assembly
- Completed reload, in  0.904 seconds
Platform modules already initialized, skipping
Shader 'Universal Render Pipeline/Particles/Lit': fallback shader 'Universal Render Pipeline/Particles/SimpleLit' not found
Refreshing native plugins compatible for Editor in 0.42 ms, found 0 plugins.
Preloading 0 native plugins for Editor in 0.00 ms.
Unloading 2397 Unused Serialized files (Serialized files now loaded: 0)
System memory in use before: 123.1 MB.
System memory in use after: 120.8 MB.

Unloading 36 unused Assets to reduce memory usage. Loaded Objects now: 3431.
Total: 4.627000 ms (FindLiveObjects: 0.406800 ms CreateObjectMapping: 0.155000 ms MarkObjects: 2.609400 ms  DeleteObjects: 1.454300 ms)

========================================================================
Received Prepare
Registering precompiled user dll's ...
Registered in 0.001604 seconds.
Begin MonoManager ReloadAssembly
Native extension for WindowsStandalone target not found
Native extension for OSXStandalone target not found
Refreshing native plugins compatible for Editor in 0.40 ms, found 0 plugins.
Preloading 0 native plugins for Editor in 0.00 ms.
Mono: successfully reloaded assembly
- Completed reload, in  0.933 seconds
Platform modules already initialized, skipping
Shader 'Universal Render Pipeline/Particles/Lit': fallback shader 'Universal Render Pipeline/Particles/SimpleLit' not found
Refreshing native plugins compatible for Editor in 0.44 ms, found 0 plugins.
Preloading 0 native plugins for Editor in 0.00 ms.
Unloading 2397 Unused Serialized files (Serialized files now loaded: 0)
System memory in use before: 123.0 MB.
System memory in use after: 120.8 MB.

Unloading 36 unused Assets to reduce memory usage. Loaded Objects now: 3434.
Total: 6.589600 ms (FindLiveObjects: 0.561500 ms CreateObjectMapping: 0.289300 ms MarkObjects: 3.493500 ms  DeleteObjects: 2.243600 ms)

AssetImportWorkerClient::OnTransportError - code=2 error=End of file
