Using pre-set license
Built from '2020.3/staging' branch; Version is '2020.3.5f1 (8095aa901b9b) revision 8426922'; Using compiler version '192528614'; Build Type 'Release'
OS: 'Windows 10 Home; OS build 19042.1237; Version 2009; 64bit' Language: 'en' Physical Memory: 16308 MB
BatchMode: 1, IsHumanControllingUs: 0, StartBugReporterOnCrash: 0, Is64bit: 1, IsPro: 0

 COMMAND LINE ARGUMENTS:
C:\Program Files\Unity\Hub\Editor\2020.3.5f1\Editor\Unity.exe
-adb2
-batchMode
-noUpm
-name
AssetImportWorker1
-projectPath
D:/Github/Rocket Jumper Platformer
-logFile
Logs/AssetImportWorker1.log
-srvPort
63139
Successfully changed project path to: D:/Github/Rocket Jumper Platformer
D:/Github/Rocket Jumper Platformer
Using Asset Import Pipeline V2.
Refreshing native plugins compatible for Editor in 40.11 ms, found 0 plugins.
Preloading 0 native plugins for Editor in 0.00 ms.
Initialize engine version: 2020.3.5f1 (8095aa901b9b)
[Subsystems] Discovering subsystems at path C:/Program Files/Unity/Hub/Editor/2020.3.5f1/Editor/Data/Resources/UnitySubsystems
[Subsystems] Discovering subsystems at path D:/Github/Rocket Jumper Platformer/Assets
GfxDevice: creating device client; threaded=0
Direct3D:
    Version:  Direct3D 11.0 [level 11.1]
    Renderer: NVIDIA GeForce GTX 1080 (ID=0x1b80)
    Vendor:   
    VRAM:     8079 MB
    Driver:   30.0.14.7196
Shader 'Universal Render Pipeline/Particles/Lit': fallback shader 'Universal Render Pipeline/Particles/SimpleLit' not found
Initialize mono
Mono path[0] = 'C:/Program Files/Unity/Hub/Editor/2020.3.5f1/Editor/Data/Managed'
Mono path[1] = 'C:/Program Files/Unity/Hub/Editor/2020.3.5f1/Editor/Data/MonoBleedingEdge/lib/mono/unityjit'
Mono config path = 'C:/Program Files/Unity/Hub/Editor/2020.3.5f1/Editor/Data/MonoBleedingEdge/etc'
Using monoOptions --debugger-agent=transport=dt_socket,embedding=1,server=y,suspend=n,address=127.0.0.1:56520
Begin MonoManager ReloadAssembly
Registering precompiled unity dll's ...
Register platform support module: C:/Program Files/Unity/Hub/Editor/2020.3.5f1/Editor/Data/PlaybackEngines/MacStandaloneSupport/UnityEditor.OSXStandalone.Extensions.dll
Register platform support module: C:/Program Files/Unity/Hub/Editor/2020.3.5f1/Editor/Data/PlaybackEngines/WindowsStandaloneSupport/UnityEditor.WindowsStandalone.Extensions.dll
Registered in 0.006538 seconds.
Native extension for WindowsStandalone target not found
Native extension for OSXStandalone target not found
Refreshing native plugins compatible for Editor in 42.04 ms, found 0 plugins.
Preloading 0 native plugins for Editor in 0.00 ms.
Mono: successfully reloaded assembly
- Completed reload, in  1.508 seconds
Platform modules already initialized, skipping
Registering precompiled user dll's ...
Registered in 0.001380 seconds.
Begin MonoManager ReloadAssembly
Native extension for WindowsStandalone target not found
Native extension for OSXStandalone target not found
Refreshing native plugins compatible for Editor in 44.71 ms, found 0 plugins.
Preloading 0 native plugins for Editor in 0.00 ms.
Mono: successfully reloaded assembly
- Completed reload, in  0.959 seconds
Platform modules already initialized, skipping
========================================================================
Worker process is ready to serve import requests
Shader 'Universal Render Pipeline/Particles/Lit': fallback shader 'Universal Render Pipeline/Particles/SimpleLit' not found
Launched and connected shader compiler UnityShaderCompiler.exe after 0.23 seconds
Refreshing native plugins compatible for Editor in 0.43 ms, found 0 plugins.
Preloading 0 native plugins for Editor in 0.00 ms.
Unloading 2451 Unused Serialized files (Serialized files now loaded: 0)
System memory in use before: 118.9 MB.
System memory in use after: 116.7 MB.

Unloading 41 unused Assets to reduce memory usage. Loaded Objects now: 2867.
Total: 3.592400 ms (FindLiveObjects: 0.389000 ms CreateObjectMapping: 0.185000 ms MarkObjects: 1.834000 ms  DeleteObjects: 1.183200 ms)

========================================================================
Received Import Request.
  path: Assets/1.RocketJumperFiles/Animation/Main Character/Empty.anim
  artifactKey: Guid(e13ee3fdc25021b4da6731fe0a72b7df) Importer(815301076,1909f56bfc062723c751e8b465ee728b)
Start importing Assets/1.RocketJumperFiles/Animation/Main Character/Empty.anim using Guid(e13ee3fdc25021b4da6731fe0a72b7df) Importer(815301076,1909f56bfc062723c751e8b465ee728b)  -> (artifact id: '3678f5c095b7b8b227fcd315098ea6d4') in 0.047631 seconds
  Import took 0.051249 seconds .

========================================================================
Received Prepare
Registering precompiled user dll's ...
Registered in 0.001304 seconds.
Begin MonoManager ReloadAssembly
Native extension for WindowsStandalone target not found
Native extension for OSXStandalone target not found
Refreshing native plugins compatible for Editor in 0.39 ms, found 0 plugins.
Preloading 0 native plugins for Editor in 0.00 ms.
Mono: successfully reloaded assembly
- Completed reload, in  0.864 seconds
Platform modules already initialized, skipping
Shader 'Universal Render Pipeline/Particles/Lit': fallback shader 'Universal Render Pipeline/Particles/SimpleLit' not found
Refreshing native plugins compatible for Editor in 0.38 ms, found 0 plugins.
Preloading 0 native plugins for Editor in 0.00 ms.
Unloading 2359 Unused Serialized files (Serialized files now loaded: 0)
System memory in use before: 113.6 MB.
System memory in use after: 111.4 MB.

Unloading 36 unused Assets to reduce memory usage. Loaded Objects now: 2870.
Total: 3.519000 ms (FindLiveObjects: 0.295300 ms CreateObjectMapping: 0.137700 ms MarkObjects: 2.011500 ms  DeleteObjects: 1.073200 ms)

========================================================================
Received Prepare
Registering precompiled user dll's ...
Registered in 0.001310 seconds.
Begin MonoManager ReloadAssembly
Native extension for WindowsStandalone target not found
Native extension for OSXStandalone target not found
Refreshing native plugins compatible for Editor in 0.42 ms, found 0 plugins.
Preloading 0 native plugins for Editor in 0.00 ms.
Mono: successfully reloaded assembly
- Completed reload, in  0.856 seconds
Platform modules already initialized, skipping
Shader 'Universal Render Pipeline/Particles/Lit': fallback shader 'Universal Render Pipeline/Particles/SimpleLit' not found
Refreshing native plugins compatible for Editor in 0.39 ms, found 0 plugins.
Preloading 0 native plugins for Editor in 0.00 ms.
Unloading 2359 Unused Serialized files (Serialized files now loaded: 0)
System memory in use before: 113.7 MB.
System memory in use after: 111.5 MB.

Unloading 36 unused Assets to reduce memory usage. Loaded Objects now: 2873.
Total: 3.297200 ms (FindLiveObjects: 0.293900 ms CreateObjectMapping: 0.133000 ms MarkObjects: 1.683800 ms  DeleteObjects: 1.185500 ms)

========================================================================
Received Prepare
Registering precompiled user dll's ...
Registered in 0.001306 seconds.
Begin MonoManager ReloadAssembly
Native extension for WindowsStandalone target not found
Native extension for OSXStandalone target not found
Refreshing native plugins compatible for Editor in 0.41 ms, found 0 plugins.
Preloading 0 native plugins for Editor in 0.00 ms.
Mono: successfully reloaded assembly
- Completed reload, in  0.866 seconds
Platform modules already initialized, skipping
Shader 'Universal Render Pipeline/Particles/Lit': fallback shader 'Universal Render Pipeline/Particles/SimpleLit' not found
Refreshing native plugins compatible for Editor in 0.40 ms, found 0 plugins.
Preloading 0 native plugins for Editor in 0.00 ms.
Unloading 2359 Unused Serialized files (Serialized files now loaded: 0)
System memory in use before: 113.8 MB.
System memory in use after: 111.5 MB.

Unloading 36 unused Assets to reduce memory usage. Loaded Objects now: 2876.
Total: 4.126600 ms (FindLiveObjects: 0.312900 ms CreateObjectMapping: 0.110800 ms MarkObjects: 2.492400 ms  DeleteObjects: 1.209000 ms)

========================================================================
Received Import Request.
  Time since last request: 97.804166 seconds.
  path: Assets/1.RocketJumperFiles/Scenes/SampleScene.unity
  artifactKey: Guid(d1c3109bdb54ad54c8a2b2838528e640) Importer(815301076,1909f56bfc062723c751e8b465ee728b)
Start importing Assets/1.RocketJumperFiles/Scenes/SampleScene.unity using Guid(d1c3109bdb54ad54c8a2b2838528e640) Importer(815301076,1909f56bfc062723c751e8b465ee728b)  -> (artifact id: '2aabacd90ccc9d12b489af9d125cd453') in 0.010837 seconds
  Import took 0.014154 seconds .

========================================================================
Received Import Request.
  Time since last request: 1.827948 seconds.
  path: Assets/1.RocketJumperFiles/Scenes/SampleScene
  artifactKey: Guid(7dd802442bafddd46a819c045e96afec) Importer(815301076,1909f56bfc062723c751e8b465ee728b)
Start importing Assets/1.RocketJumperFiles/Scenes/SampleScene using Guid(7dd802442bafddd46a819c045e96afec) Importer(815301076,1909f56bfc062723c751e8b465ee728b)  -> (artifact id: '97b2ba16be4b3ac6f6785b3e9e61c63a') in 0.003025 seconds
  Import took 0.006517 seconds .

========================================================================
Received Import Request.
  Time since last request: 0.043226 seconds.
  path: Assets/1.RocketJumperFiles/Scenes/SampleScene/Post-process Volume Profile.asset
  artifactKey: Guid(5b12aa89aa58ec64cae6ba03fd2813ae) Importer(815301076,1909f56bfc062723c751e8b465ee728b)
Start importing Assets/1.RocketJumperFiles/Scenes/SampleScene/Post-process Volume Profile.asset using Guid(5b12aa89aa58ec64cae6ba03fd2813ae) Importer(815301076,1909f56bfc062723c751e8b465ee728b)  -> (artifact id: '0afb6be7983fd07e0c9999d013f6408e') in 0.011864 seconds
  Import took 0.015608 seconds .

========================================================================
Received Import Request.
  Time since last request: 12.263269 seconds.
  path: Assets/1.RocketJumperFiles/Scenes/Main Scene.unity
  artifactKey: Guid(d1c3109bdb54ad54c8a2b2838528e640) Importer(815301076,1909f56bfc062723c751e8b465ee728b)
Start importing Assets/1.RocketJumperFiles/Scenes/Main Scene.unity using Guid(d1c3109bdb54ad54c8a2b2838528e640) Importer(815301076,1909f56bfc062723c751e8b465ee728b)  -> (artifact id: 'a9823f348063883a2619c27f95eae541') in 0.003474 seconds
  Import took 0.006976 seconds .

AssetImportWorkerClient::OnTransportError - code=2 error=End of file
